2022-06-24 15:05:29 [main] INFO  c.e.m.config.server.ConfigServer - Starting ConfigServer using Java 18.0.1.1 on AMasterPiece with PID 20944 (D:\spring\Projects\Event-Driven-Microservices\event-driven-microservices\config-server\target\classes started by bless in D:\spring\Projects\Event-Driven-Microservices\event-driven-microservices)
2022-06-24 15:05:29 [background-preinit] INFO  o.h.validator.internal.util.Version - HV000001: Hibernate Validator 6.2.3.Final
2022-06-24 15:05:29 [main] INFO  c.e.m.config.server.ConfigServer - No active profile set, falling back to 1 default profile: "default"
2022-06-24 15:05:31 [main] INFO  o.s.cloud.context.scope.GenericScope - BeanFactory id=d6fa766b-4bad-3b19-9efb-bad6959c38ba
2022-06-24 15:05:32 [main] INFO  o.s.b.w.e.tomcat.TomcatWebServer - Tomcat initialized with port(s): 8888 (http)
2022-06-24 15:05:32 [main] INFO  o.a.coyote.http11.Http11NioProtocol - Initializing ProtocolHandler ["http-nio-8888"]
2022-06-24 15:05:32 [main] INFO  o.a.catalina.core.StandardService - Starting service [Tomcat]
2022-06-24 15:05:32 [main] INFO  o.a.catalina.core.StandardEngine - Starting Servlet engine: [Apache Tomcat/9.0.63]
2022-06-24 15:05:32 [main] INFO  o.a.c.c.C.[Tomcat].[localhost].[/] - Initializing Spring embedded WebApplicationContext
2022-06-24 15:05:32 [main] INFO  o.s.b.w.s.c.ServletWebServerApplicationContext - Root WebApplicationContext: initialization completed in 2498 ms
2022-06-24 15:05:32 [main] INFO  o.s.s.web.DefaultSecurityFilterChain - Will secure Ant [pattern='/decrypt/**'] with [org.springframework.security.web.session.DisableEncodeUrlFilter@1280682, org.springframework.security.web.context.request.async.WebAsyncManagerIntegrationFilter@41ccb3b9, org.springframework.security.web.context.SecurityContextPersistenceFilter@72b6832e, org.springframework.security.web.header.HeaderWriterFilter@29050de5, org.springframework.security.web.csrf.CsrfFilter@5261ec9, org.springframework.security.web.authentication.logout.LogoutFilter@3913f206, org.springframework.security.web.savedrequest.RequestCacheAwareFilter@3d9f5016, org.springframework.security.web.servletapi.SecurityContextHolderAwareRequestFilter@4087c7fc, org.springframework.security.web.authentication.AnonymousAuthenticationFilter@53d9826f, org.springframework.security.web.session.SessionManagementFilter@23ed382c, org.springframework.security.web.access.ExceptionTranslationFilter@55fdf7f9]
2022-06-24 15:05:33 [main] INFO  o.a.coyote.http11.Http11NioProtocol - Starting ProtocolHandler ["http-nio-8888"]
2022-06-24 15:05:33 [main] INFO  o.s.b.w.e.tomcat.TomcatWebServer - Tomcat started on port(s): 8888 (http) with context path ''
2022-06-24 15:05:34 [main] INFO  c.e.m.config.server.ConfigServer - Started ConfigServer in 5.899 seconds (JVM running for 7.063)
2022-06-24 15:05:53 [http-nio-8888-exec-1] INFO  o.a.c.c.C.[Tomcat].[localhost].[/] - Initializing Spring DispatcherServlet 'dispatcherServlet'
2022-06-24 15:05:53 [http-nio-8888-exec-1] INFO  o.s.web.servlet.DispatcherServlet - Initializing Servlet 'dispatcherServlet'
2022-06-24 15:05:53 [http-nio-8888-exec-1] INFO  o.s.web.servlet.DispatcherServlet - Completed initialization in 2 ms
2022-06-24 15:06:00 [http-nio-8888-exec-1] INFO  o.s.c.c.s.e.NativeEnvironmentRepository - Adding property source: Config resource 'file [C:\Users\bless\AppData\Local\Temp\config-repo-10075837397396591643\elastic-query-service.yml]' via location 'file:/C:/Users/bless/AppData/Local/Temp/config-repo-10075837397396591643/'
2022-06-24 15:07:56 [http-nio-8888-exec-3] INFO  o.s.c.c.s.e.NativeEnvironmentRepository - Adding property source: Config resource 'file [C:\Users\bless\AppData\Local\Temp\config-repo-10075837397396591643\elastic-query-service.yml]' via location 'file:/C:/Users/bless/AppData/Local/Temp/config-repo-10075837397396591643/'
2022-06-24 15:20:09 [http-nio-8888-exec-5] INFO  o.s.c.c.s.e.NativeEnvironmentRepository - Adding property source: Config resource 'file [C:\Users\bless\AppData\Local\Temp\config-repo-10075837397396591643\elastic-query-service.yml]' via location 'file:/C:/Users/bless/AppData/Local/Temp/config-repo-10075837397396591643/'
2022-06-24 15:22:02 [http-nio-8888-exec-8] INFO  o.s.c.c.s.e.NativeEnvironmentRepository - Adding property source: Config resource 'file [C:\Users\bless\AppData\Local\Temp\config-repo-10075837397396591643\elastic-query-service.yml]' via location 'file:/C:/Users/bless/AppData/Local/Temp/config-repo-10075837397396591643/'
2022-06-24 15:32:00 [http-nio-8888-exec-6] INFO  o.s.c.c.s.e.NativeEnvironmentRepository - Adding property source: Config resource 'file [C:\Users\bless\AppData\Local\Temp\config-repo-10075837397396591643\elastic-query-service.yml]' via location 'file:/C:/Users/bless/AppData/Local/Temp/config-repo-10075837397396591643/'
2022-06-24 15:35:07 [http-nio-8888-exec-1] INFO  o.s.c.c.s.e.NativeEnvironmentRepository - Adding property source: Config resource 'file [C:\Users\bless\AppData\Local\Temp\config-repo-10075837397396591643\elastic-query-service.yml]' via location 'file:/C:/Users/bless/AppData/Local/Temp/config-repo-10075837397396591643/'
2022-06-24 15:36:35 [http-nio-8888-exec-3] INFO  o.s.c.c.s.e.NativeEnvironmentRepository - Adding property source: Config resource 'file [C:\Users\bless\AppData\Local\Temp\config-repo-10075837397396591643\elastic-query-service.yml]' via location 'file:/C:/Users/bless/AppData/Local/Temp/config-repo-10075837397396591643/'
2022-06-24 16:25:15 [http-nio-8888-exec-5] INFO  o.s.c.c.s.e.NativeEnvironmentRepository - Adding property source: Config resource 'file [C:\Users\bless\AppData\Local\Temp\config-repo-10075837397396591643\elastic-query-service.yml]' via location 'file:/C:/Users/bless/AppData/Local/Temp/config-repo-10075837397396591643/'
2022-06-24 16:26:36 [http-nio-8888-exec-8] INFO  o.s.c.c.s.e.NativeEnvironmentRepository - Adding property source: Config resource 'file [C:\Users\bless\AppData\Local\Temp\config-repo-10075837397396591643\elastic-query-service.yml]' via location 'file:/C:/Users/bless/AppData/Local/Temp/config-repo-10075837397396591643/'
2022-06-24 16:29:32 [http-nio-8888-exec-6] INFO  o.s.c.c.s.e.NativeEnvironmentRepository - Adding property source: Config resource 'file [C:\Users\bless\AppData\Local\Temp\config-repo-10075837397396591643\elastic-query-service.yml]' via location 'file:/C:/Users/bless/AppData/Local/Temp/config-repo-10075837397396591643/'
2022-06-24 16:30:17 [http-nio-8888-exec-1] INFO  o.s.c.c.s.e.NativeEnvironmentRepository - Adding property source: Config resource 'file [C:\Users\bless\AppData\Local\Temp\config-repo-10075837397396591643\elastic-query-service.yml]' via location 'file:/C:/Users/bless/AppData/Local/Temp/config-repo-10075837397396591643/'
2022-06-24 16:31:56 [Thread-3] WARN  o.s.c.c.s.e.MultipleJGitEnvironmentRepository - Failed to delete temporary directory on exit: java.nio.file.AccessDeniedException: C:\Users\bless\AppData\Local\Temp\config-repo-10075837397396591643\.git\objects\pack\pack-2407771f6265594dbff554f2e46858b3a0cb5e7d.idx
