2022-06-18 20:45:01 [main] INFO  o.s.b.t.c.SpringBootTestContextBootstrapper - Neither @ContextConfiguration nor @ContextHierarchy found for test class [com.eventdriven.microservices.twitterto.kafka.service.TwitterToKafkaServiceApplicationTest], using SpringBootContextLoader
2022-06-18 20:45:01 [main] INFO  o.s.t.c.s.AbstractContextLoader - Could not detect default resource locations for test class [com.eventdriven.microservices.twitterto.kafka.service.TwitterToKafkaServiceApplicationTest]: no resource found for suffixes {-context.xml, Context.groovy}.
2022-06-18 20:45:01 [main] INFO  o.s.t.c.s.AnnotationConfigContextLoaderUtils - Could not detect default configuration classes for test class [com.eventdriven.microservices.twitterto.kafka.service.TwitterToKafkaServiceApplicationTest]: TwitterToKafkaServiceApplicationTest does not declare any static, non-private, non-final, nested classes annotated with @Configuration.
2022-06-18 20:45:02 [main] INFO  o.s.b.t.c.SpringBootTestContextBootstrapper - Found @SpringBootConfiguration com.eventdriven.microservices.twitterto.kafka.service.TwitterToKafkaServiceApplication for test class com.eventdriven.microservices.twitterto.kafka.service.TwitterToKafkaServiceApplicationTest
2022-06-18 20:45:02 [main] INFO  o.s.b.t.c.SpringBootTestContextBootstrapper - Loaded default TestExecutionListener class names from location [META-INF/spring.factories]: [org.springframework.boot.test.mock.mockito.MockitoTestExecutionListener, org.springframework.boot.test.mock.mockito.ResetMocksTestExecutionListener, org.springframework.boot.test.autoconfigure.restdocs.RestDocsTestExecutionListener, org.springframework.boot.test.autoconfigure.web.client.MockRestServiceServerResetTestExecutionListener, org.springframework.boot.test.autoconfigure.web.servlet.MockMvcPrintOnlyOnFailureTestExecutionListener, org.springframework.boot.test.autoconfigure.web.servlet.WebDriverTestExecutionListener, org.springframework.boot.test.autoconfigure.webservices.client.MockWebServiceServerTestExecutionListener, org.springframework.test.context.web.ServletTestExecutionListener, org.springframework.test.context.support.DirtiesContextBeforeModesTestExecutionListener, org.springframework.test.context.event.ApplicationEventsTestExecutionListener, org.springframework.test.context.support.DependencyInjectionTestExecutionListener, org.springframework.test.context.support.DirtiesContextTestExecutionListener, org.springframework.test.context.transaction.TransactionalTestExecutionListener, org.springframework.test.context.jdbc.SqlScriptsTestExecutionListener, org.springframework.test.context.event.EventPublishingTestExecutionListener]
2022-06-18 20:45:02 [main] INFO  o.s.b.t.c.SpringBootTestContextBootstrapper - Using TestExecutionListeners: [org.springframework.test.context.support.DirtiesContextBeforeModesTestExecutionListener@7ce97ee5, org.springframework.test.context.event.ApplicationEventsTestExecutionListener@32c8e539, org.springframework.boot.test.mock.mockito.MockitoTestExecutionListener@73dce0e6, org.springframework.boot.test.autoconfigure.SpringBootDependencyInjectionTestExecutionListener@5a85c92, org.springframework.test.context.support.DirtiesContextTestExecutionListener@32811494, org.springframework.test.context.transaction.TransactionalTestExecutionListener@4795ded0, org.springframework.test.context.jdbc.SqlScriptsTestExecutionListener@53dacd14, org.springframework.test.context.event.EventPublishingTestExecutionListener@14d14731, org.springframework.boot.test.mock.mockito.ResetMocksTestExecutionListener@2eced48b, org.springframework.boot.test.autoconfigure.restdocs.RestDocsTestExecutionListener@47c4ecdc, org.springframework.boot.test.autoconfigure.web.client.MockRestServiceServerResetTestExecutionListener@42f33b5d, org.springframework.boot.test.autoconfigure.web.servlet.MockMvcPrintOnlyOnFailureTestExecutionListener@5c8504fd, org.springframework.boot.test.autoconfigure.web.servlet.WebDriverTestExecutionListener@4b7e96a, org.springframework.boot.test.autoconfigure.webservices.client.MockWebServiceServerTestExecutionListener@6475472c]
2022-06-18 20:45:09 [main] WARN  o.s.b.t.j.DuplicateJsonObjectContextCustomizerFactory$DuplicateJsonObjectContextCustomizer - 

Found multiple occurrences of org.json.JSONObject on the class path:

	jar:file:/C:/Users/bless/.m2/repository/com/vaadin/external/google/android-json/0.0.20131108.vaadin1/android-json-0.0.20131108.vaadin1.jar!/org/json/JSONObject.class
	jar:file:/C:/Users/bless/.m2/repository/org/json/json/20220320/json-20220320.jar!/org/json/JSONObject.class

You may wish to exclude one of them to ensure predictable runtime behavior

2022-06-18 20:45:09 [main] INFO  c.e.m.t.k.s.TwitterToKafkaServiceApplicationTest - Starting TwitterToKafkaServiceApplicationTest using Java 18.0.1.1 on AMasterPiece with PID 588 (started by bless in D:\spring\Projects\Event-Driven-Microservices\event-driven-microservices\twitter-to-kafka-service)
2022-06-18 20:45:09 [main] INFO  c.e.m.t.k.s.TwitterToKafkaServiceApplicationTest - No active profile set, falling back to 1 default profile: "default"
2022-06-18 20:45:09 [main] INFO  o.s.c.c.c.ConfigServerConfigDataLoader - Fetching config from server at : http://localhost:8888
2022-06-18 20:45:09 [main] INFO  o.s.c.c.c.ConfigServerConfigDataLoader - Located environment: name=twitter-to-kafka-service, profiles=[default], label=null, version=53c69581d04ba0f9e073668ad4ac259c55c9240c, state=null
2022-06-18 20:45:11 [main] INFO  o.s.cloud.context.scope.GenericScope - BeanFactory id=b7c0f2b3-b89d-3074-8914-182701d642d0
2022-06-18 20:45:12 [main] INFO  o.a.k.c.admin.AdminClientConfig - AdminClientConfig values: 
	bootstrap.servers = [localhost:19092, localhost:29092, localhost:39092]
	client.dns.lookup = use_all_dns_ips
	client.id = 
	connections.max.idle.ms = 300000
	default.api.timeout.ms = 60000
	metadata.max.age.ms = 300000
	metric.reporters = []
	metrics.num.samples = 2
	metrics.recording.level = INFO
	metrics.sample.window.ms = 30000
	receive.buffer.bytes = 65536
	reconnect.backoff.max.ms = 1000
	reconnect.backoff.ms = 50
	request.timeout.ms = 30000
	retries = 2147483647
	retry.backoff.ms = 100
	sasl.client.callback.handler.class = null
	sasl.jaas.config = null
	sasl.kerberos.kinit.cmd = /usr/bin/kinit
	sasl.kerberos.min.time.before.relogin = 60000
	sasl.kerberos.service.name = null
	sasl.kerberos.ticket.renew.jitter = 0.05
	sasl.kerberos.ticket.renew.window.factor = 0.8
	sasl.login.callback.handler.class = null
	sasl.login.class = null
	sasl.login.connect.timeout.ms = null
	sasl.login.read.timeout.ms = null
	sasl.login.refresh.buffer.seconds = 300
	sasl.login.refresh.min.period.seconds = 60
	sasl.login.refresh.window.factor = 0.8
	sasl.login.refresh.window.jitter = 0.05
	sasl.login.retry.backoff.max.ms = 10000
	sasl.login.retry.backoff.ms = 100
	sasl.mechanism = GSSAPI
	sasl.oauthbearer.clock.skew.seconds = 30
	sasl.oauthbearer.expected.audience = null
	sasl.oauthbearer.expected.issuer = null
	sasl.oauthbearer.jwks.endpoint.refresh.ms = 3600000
	sasl.oauthbearer.jwks.endpoint.retry.backoff.max.ms = 10000
	sasl.oauthbearer.jwks.endpoint.retry.backoff.ms = 100
	sasl.oauthbearer.jwks.endpoint.url = null
	sasl.oauthbearer.scope.claim.name = scope
	sasl.oauthbearer.sub.claim.name = sub
	sasl.oauthbearer.token.endpoint.url = null
	security.protocol = PLAINTEXT
	security.providers = null
	send.buffer.bytes = 131072
	socket.connection.setup.timeout.max.ms = 30000
	socket.connection.setup.timeout.ms = 10000
	ssl.cipher.suites = null
	ssl.enabled.protocols = [TLSv1.2, TLSv1.3]
	ssl.endpoint.identification.algorithm = https
	ssl.engine.factory.class = null
	ssl.key.password = null
	ssl.keymanager.algorithm = SunX509
	ssl.keystore.certificate.chain = null
	ssl.keystore.key = null
	ssl.keystore.location = null
	ssl.keystore.password = null
	ssl.keystore.type = JKS
	ssl.protocol = TLSv1.3
	ssl.provider = null
	ssl.secure.random.implementation = null
	ssl.trustmanager.algorithm = PKIX
	ssl.truststore.certificates = null
	ssl.truststore.location = null
	ssl.truststore.password = null
	ssl.truststore.type = JKS

2022-06-18 20:45:12 [main] INFO  o.a.kafka.common.utils.AppInfoParser - Kafka version: 3.1.1
2022-06-18 20:45:12 [main] INFO  o.a.kafka.common.utils.AppInfoParser - Kafka commitId: 97671528ba54a138
2022-06-18 20:45:12 [main] INFO  o.a.kafka.common.utils.AppInfoParser - Kafka startTimeMs: 1655574312624
2022-06-18 20:45:15 [main] INFO  o.s.b.a.s.r.ReactiveUserDetailsServiceAutoConfiguration - 

Using generated security password: 2c2b8e63-5bf5-4618-9ad7-e2607212ba02

2022-06-18 20:45:17 [main] INFO  c.e.m.t.k.s.TwitterToKafkaServiceApplicationTest - Started TwitterToKafkaServiceApplicationTest in 14.52 seconds (JVM running for 17.589)
2022-06-18 20:45:17 [main] INFO  c.e.m.t.k.s.TwitterToKafkaServiceApplication - Application starting....
2022-06-18 20:45:17 [main] INFO  c.e.m.k.a.c.client.KafkaAdminClient - Creating 1 topics, 0 Attempts
2022-06-18 20:45:17 [main] INFO  c.e.m.k.a.c.client.KafkaAdminClient - Reading kafka topics[twitter-topic], attempts 0
2022-06-18 20:45:26 [main] INFO  c.e.m.t.k.s.i.i.KafkaStreamInitializer - Topic with name twitter-topic is ready for operation
2022-06-18 20:45:26 [main] INFO  c.e.m.t.k.s.r.i.TwitterV2KafkaStreamRunner - Created filter for twitter stream for keywords: [Java, Microservices, Kafka, Spring, ElasticSearch]
2022-06-18 20:45:33 [main] INFO  c.e.m.t.k.s.r.i.TwitterV2StreamHelper - Created rules for twitter stream Java
2022-06-18 20:45:53 [main] INFO  c.e.m.t.k.s.l.TwitterKafkaStatusListener - Twitter status with text twitter-topic1800+ members called on Portland legislators to put an end to Zenith’s dirty oil operation, and as a result, the City denied a key permit, a decision that Columbia Riverkeeper is currently defending in court. Read more #SpringIntoAction stats here: https://t.co/0sTimATO1x https://t.co/M3mAbYfcVb
2022-06-18 20:45:53 [main] INFO  c.e.m.k.p.c.service.KafkaProducer - Sending the message{"userId": 788482656, "id": 1538216366951612416, "text": "1800+ members called on Portland legislators to put an end to Zenith\u2019s dirty oil operation, and as a result, the City denied a key permit, a decision that Columbia Riverkeeper is currently defending in court. Read more #SpringIntoAction stats here: https://t.co/0sTimATO1x https://t.co/M3mAbYfcVb", "createdAt": 1655574335000}, to topictwitter-topic
2022-06-18 20:45:53 [main] INFO  o.a.k.c.producer.ProducerConfig - ProducerConfig values: 
	acks = -1
	batch.size = 16383
	bootstrap.servers = [localhost:19092, localhost:29092, localhost:39092]
	buffer.memory = 33554432
	client.dns.lookup = use_all_dns_ips
	client.id = producer-1
	compression.type = snappy
	connections.max.idle.ms = 540000
	delivery.timeout.ms = 120000
	enable.idempotence = true
	interceptor.classes = []
	key.serializer = class org.apache.kafka.common.serialization.LongSerializer
	linger.ms = 5
	max.block.ms = 60000
	max.in.flight.requests.per.connection = 5
	max.request.size = 1048576
	metadata.max.age.ms = 300000
	metadata.max.idle.ms = 300000
	metric.reporters = []
	metrics.num.samples = 2
	metrics.recording.level = INFO
	metrics.sample.window.ms = 30000
	partitioner.class = class org.apache.kafka.clients.producer.internals.DefaultPartitioner
	receive.buffer.bytes = 32768
	reconnect.backoff.max.ms = 1000
	reconnect.backoff.ms = 50
	request.timeout.ms = 60000
	retries = 5
	retry.backoff.ms = 100
	sasl.client.callback.handler.class = null
	sasl.jaas.config = null
	sasl.kerberos.kinit.cmd = /usr/bin/kinit
	sasl.kerberos.min.time.before.relogin = 60000
	sasl.kerberos.service.name = null
	sasl.kerberos.ticket.renew.jitter = 0.05
	sasl.kerberos.ticket.renew.window.factor = 0.8
	sasl.login.callback.handler.class = null
	sasl.login.class = null
	sasl.login.connect.timeout.ms = null
	sasl.login.read.timeout.ms = null
	sasl.login.refresh.buffer.seconds = 300
	sasl.login.refresh.min.period.seconds = 60
	sasl.login.refresh.window.factor = 0.8
	sasl.login.refresh.window.jitter = 0.05
	sasl.login.retry.backoff.max.ms = 10000
	sasl.login.retry.backoff.ms = 100
	sasl.mechanism = GSSAPI
	sasl.oauthbearer.clock.skew.seconds = 30
	sasl.oauthbearer.expected.audience = null
	sasl.oauthbearer.expected.issuer = null
	sasl.oauthbearer.jwks.endpoint.refresh.ms = 3600000
	sasl.oauthbearer.jwks.endpoint.retry.backoff.max.ms = 10000
	sasl.oauthbearer.jwks.endpoint.retry.backoff.ms = 100
	sasl.oauthbearer.jwks.endpoint.url = null
	sasl.oauthbearer.scope.claim.name = scope
	sasl.oauthbearer.sub.claim.name = sub
	sasl.oauthbearer.token.endpoint.url = null
	security.protocol = PLAINTEXT
	security.providers = null
	send.buffer.bytes = 131072
	socket.connection.setup.timeout.max.ms = 30000
	socket.connection.setup.timeout.ms = 10000
	ssl.cipher.suites = null
	ssl.enabled.protocols = [TLSv1.2, TLSv1.3]
	ssl.endpoint.identification.algorithm = https
	ssl.engine.factory.class = null
	ssl.key.password = null
	ssl.keymanager.algorithm = SunX509
	ssl.keystore.certificate.chain = null
	ssl.keystore.key = null
	ssl.keystore.location = null
	ssl.keystore.password = null
	ssl.keystore.type = JKS
	ssl.protocol = TLSv1.3
	ssl.provider = null
	ssl.secure.random.implementation = null
	ssl.trustmanager.algorithm = PKIX
	ssl.truststore.certificates = null
	ssl.truststore.location = null
	ssl.truststore.password = null
	ssl.truststore.type = JKS
	transaction.timeout.ms = 60000
	transactional.id = null
	value.serializer = class io.confluent.kafka.serializers.KafkaAvroSerializer

2022-06-18 20:45:53 [main] INFO  i.c.k.s.KafkaAvroSerializerConfig - KafkaAvroSerializerConfig values: 
	auto.register.schemas = true
	avro.reflection.allow.null = false
	avro.remove.java.properties = false
	avro.use.logical.type.converters = false
	basic.auth.credentials.source = URL
	basic.auth.user.info = [hidden]
	bearer.auth.credentials.source = STATIC_TOKEN
	bearer.auth.token = [hidden]
	context.name.strategy = class io.confluent.kafka.serializers.context.NullContextNameStrategy
	id.compatibility.strict = true
	key.subject.name.strategy = class io.confluent.kafka.serializers.subject.TopicNameStrategy
	latest.compatibility.strict = true
	max.schemas.per.subject = 1000
	normalize.schemas = false
	proxy.host = 
	proxy.port = -1
	schema.reflection = false
	schema.registry.basic.auth.user.info = [hidden]
	schema.registry.ssl.cipher.suites = null
	schema.registry.ssl.enabled.protocols = [TLSv1.2, TLSv1.3]
	schema.registry.ssl.endpoint.identification.algorithm = https
	schema.registry.ssl.engine.factory.class = null
	schema.registry.ssl.key.password = null
	schema.registry.ssl.keymanager.algorithm = SunX509
	schema.registry.ssl.keystore.certificate.chain = null
	schema.registry.ssl.keystore.key = null
	schema.registry.ssl.keystore.location = null
	schema.registry.ssl.keystore.password = null
	schema.registry.ssl.keystore.type = JKS
	schema.registry.ssl.protocol = TLSv1.3
	schema.registry.ssl.provider = null
	schema.registry.ssl.secure.random.implementation = null
	schema.registry.ssl.trustmanager.algorithm = PKIX
	schema.registry.ssl.truststore.certificates = null
	schema.registry.ssl.truststore.location = null
	schema.registry.ssl.truststore.password = null
	schema.registry.ssl.truststore.type = JKS
	schema.registry.url = [http://localhost:8081]
	use.latest.version = false
	use.schema.id = -1
	value.subject.name.strategy = class io.confluent.kafka.serializers.subject.TopicNameStrategy

2022-06-18 20:45:53 [main] INFO  o.a.k.clients.producer.KafkaProducer - [Producer clientId=producer-1] Instantiated an idempotent producer.
2022-06-18 20:45:53 [main] INFO  o.a.kafka.common.utils.AppInfoParser - Kafka version: 3.1.1
2022-06-18 20:45:53 [main] INFO  o.a.kafka.common.utils.AppInfoParser - Kafka commitId: 97671528ba54a138
2022-06-18 20:45:53 [main] INFO  o.a.kafka.common.utils.AppInfoParser - Kafka startTimeMs: 1655574353704
2022-06-18 20:45:53 [kafka-producer-network-thread | producer-1] INFO  org.apache.kafka.clients.Metadata - [Producer clientId=producer-1] Resetting the last seen epoch of partition twitter-topic-0 to 0 since the associated topicId changed from null to zwqGhPMwT92yaGbxr2xdwQ
2022-06-18 20:45:53 [kafka-producer-network-thread | producer-1] INFO  org.apache.kafka.clients.Metadata - [Producer clientId=producer-1] Resetting the last seen epoch of partition twitter-topic-1 to 0 since the associated topicId changed from null to zwqGhPMwT92yaGbxr2xdwQ
2022-06-18 20:45:53 [kafka-producer-network-thread | producer-1] INFO  org.apache.kafka.clients.Metadata - [Producer clientId=producer-1] Resetting the last seen epoch of partition twitter-topic-2 to 0 since the associated topicId changed from null to zwqGhPMwT92yaGbxr2xdwQ
2022-06-18 20:45:53 [kafka-producer-network-thread | producer-1] INFO  org.apache.kafka.clients.Metadata - [Producer clientId=producer-1] Cluster ID: RpS_F3cUT124K0xBMrsy3g
2022-06-18 20:45:54 [kafka-producer-network-thread | producer-1] INFO  o.a.k.c.p.i.TransactionManager - [Producer clientId=producer-1] ProducerId set to 0 with epoch 0
2022-06-18 20:45:55 [main] INFO  c.e.m.t.k.s.l.TwitterKafkaStatusListener - Twitter status with text twitter-topic@basant0x01 @SaveToNotion #thread #bb_tips #dom_xss
2022-06-18 20:45:55 [main] INFO  c.e.m.k.p.c.service.KafkaProducer - Sending the message{"userId": 1269690906619363334, "id": 1538216363248197632, "text": "@basant0x01 @SaveToNotion #thread #bb_tips #dom_xss", "createdAt": 1655574334000}, to topictwitter-topic
2022-06-18 20:45:55 [main] INFO  c.e.m.t.k.s.l.TwitterKafkaStatusListener - Twitter status with text twitter-topic@StevenACohen2 Can you do anything to help make this happen? Paul hasn't had his Citifield moment yet either. https://t.co/ACWDfZvDw4
2022-06-18 20:45:55 [main] INFO  c.e.m.k.p.c.service.KafkaProducer - Sending the message{"userId": 1694626760, "id": 1538216376791351296, "text": "@StevenACohen2 Can you do anything to help make this happen? Paul hasn't had his Citifield moment yet either. https://t.co/ACWDfZvDw4", "createdAt": 1655574337000}, to topictwitter-topic
2022-06-18 20:45:55 [main] INFO  c.e.m.t.k.s.l.TwitterKafkaStatusListener - Twitter status with text twitter-topicRT @seno3459: Franz Kafka'nın dediği gibi
Adalet rahat olmalı, yoksa terazi sallanır ve adil bir hüküm verilmez.. 
Sürekli sallanan her kon…
2022-06-18 20:45:55 [main] INFO  c.e.m.k.p.c.service.KafkaProducer - Sending the message{"userId": 381546710, "id": 1538216390775263239, "text": "RT @seno3459: Franz Kafka'nın dediği gibi\nAdalet rahat olmalı, yoksa terazi sallanır ve adil bir hüküm verilmez.. \nSürekli sallanan her kon\u2026", "createdAt": 1655574340000}, to topictwitter-topic
2022-06-18 20:45:55 [main] INFO  c.e.m.t.k.s.l.TwitterKafkaStatusListener - Twitter status with text twitter-topicRT @ramsatt: 15 Useful Lodash Methods for Everyday Coding
#angular #html #javascript #css #programming #java #python #reactjs #webdevelopme…
2022-06-18 20:45:55 [main] INFO  c.e.m.k.p.c.service.KafkaProducer - Sending the message{"userId": 2501954146, "id": 1538216399209910274, "text": "RT @ramsatt: 15 Useful Lodash Methods for Everyday Coding\n#angular #html #javascript #css #programming #java #python #reactjs #webdevelopme\u2026", "createdAt": 1655574342000}, to topictwitter-topic
2022-06-18 20:45:55 [main] INFO  c.e.m.t.k.s.l.TwitterKafkaStatusListener - Twitter status with text twitter-topicRT @giulio_mattioli: Left: temperatures in Germany as a record-breaking heatwave sweeps through Europe... in Spring. 

Right: German union…
2022-06-18 20:45:55 [main] INFO  c.e.m.k.p.c.service.KafkaProducer - Sending the message{"userId": 1381293369561903112, "id": 1538216399671287812, "text": "RT @giulio_mattioli: Left: temperatures in Germany as a record-breaking heatwave sweeps through Europe... in Spring. \n\nRight: German union\u2026", "createdAt": 1655574343000}, to topictwitter-topic
2022-06-18 20:45:55 [main] INFO  c.e.m.t.k.s.l.TwitterKafkaStatusListener - Twitter status with text twitter-topicFeature it on @GlobalNftcentre https://t.co/awxYTEnm0T
2022-06-18 20:45:55 [main] INFO  c.e.m.k.p.c.service.KafkaProducer - Sending the message{"userId": 1533820012594536449, "id": 1538216397804777472, "text": "Feature it on @GlobalNftcentre https://t.co/awxYTEnm0T", "createdAt": 1655574342000}, to topictwitter-topic
2022-06-18 20:45:55 [main] INFO  c.e.m.t.k.s.l.TwitterKafkaStatusListener - Twitter status with text twitter-topic@HLTVorg @BitSkinsCom @G2NiKo @zywoo @s1mpleO Sdyboy
2022-06-18 20:45:55 [main] INFO  c.e.m.k.p.c.service.KafkaProducer - Sending the message{"userId": 1181748436313526273, "id": 1538216404003987456, "text": "@HLTVorg @BitSkinsCom @G2NiKo @zywoo @s1mpleO Sdyboy", "createdAt": 1655574344000}, to topictwitter-topic
2022-06-18 20:45:55 [main] INFO  c.e.m.t.k.s.l.TwitterKafkaStatusListener - Twitter status with text twitter-topic@box_tresor Indd!
2022-06-18 20:45:55 [main] INFO  c.e.m.k.p.c.service.KafkaProducer - Sending the message{"userId": 1347228691819077632, "id": 1538216410761072640, "text": "@box_tresor Indd!", "createdAt": 1655574345000}, to topictwitter-topic
2022-06-18 20:45:55 [main] INFO  c.e.m.t.k.s.l.TwitterKafkaStatusListener - Twitter status with text twitter-topicIt's #Shushi #Շուշի & it's Սարդակիր Մեղվակիր
(Ophrys Caucasica) the flower has been around far longer than your made up country.  #Artsakh is #Armenia https://t.co/OEB5ZLPrS1
2022-06-18 20:45:55 [main] INFO  c.e.m.k.p.c.service.KafkaProducer - Sending the message{"userId": 372554569, "id": 1538216414300884992, "text": "It's #Shushi #Շուշի & it's Սարդակիր Մեղվակիր\n(Ophrys Caucasica) the flower has been around far longer than your made up country.  #Artsakh is #Armenia https://t.co/OEB5ZLPrS1", "createdAt": 1655574346000}, to topictwitter-topic
2022-06-18 20:45:55 [main] INFO  c.e.m.t.k.s.l.TwitterKafkaStatusListener - Twitter status with text twitter-topicMy mom sat through 2 screenings at this theater yesterday & is probably back today https://t.co/hMa369i6uO
2022-06-18 20:45:55 [main] INFO  c.e.m.k.p.c.service.KafkaProducer - Sending the message{"userId": 21522437, "id": 1538216415815008257, "text": "My mom sat through 2 screenings at this theater yesterday & is probably back today https://t.co/hMa369i6uO", "createdAt": 1655574346000}, to topictwitter-topic
2022-06-18 20:45:55 [main] INFO  c.e.m.t.k.s.l.TwitterKafkaStatusListener - Twitter status with text twitter-topicSpring Split MVP https://t.co/Nm4W6Qj091
2022-06-18 20:45:55 [main] INFO  c.e.m.k.p.c.service.KafkaProducer - Sending the message{"userId": 1463842393862639627, "id": 1538216416956096512, "text": "Spring Split MVP https://t.co/Nm4W6Qj091", "createdAt": 1655574347000}, to topictwitter-topic
