2022-06-22 08:28:57 [background-preinit] INFO  o.h.validator.internal.util.Version - HV000001: Hibernate Validator 6.2.3.Final
2022-06-22 08:28:57 [main] INFO  c.e.m.config.server.ConfigServer - Starting ConfigServer using Java 18.0.1.1 on AMasterPiece with PID 15656 (D:\spring\Projects\Event-Driven-Microservices\event-driven-microservices\config-server\target\classes started by bless in D:\spring\Projects\Event-Driven-Microservices\event-driven-microservices)
2022-06-22 08:28:57 [main] INFO  c.e.m.config.server.ConfigServer - No active profile set, falling back to 1 default profile: "default"
2022-06-22 08:28:59 [main] INFO  o.s.cloud.context.scope.GenericScope - BeanFactory id=d6fa766b-4bad-3b19-9efb-bad6959c38ba
2022-06-22 08:28:59 [main] INFO  o.s.b.w.e.tomcat.TomcatWebServer - Tomcat initialized with port(s): 8888 (http)
2022-06-22 08:28:59 [main] INFO  o.a.coyote.http11.Http11NioProtocol - Initializing ProtocolHandler ["http-nio-8888"]
2022-06-22 08:28:59 [main] INFO  o.a.catalina.core.StandardService - Starting service [Tomcat]
2022-06-22 08:28:59 [main] INFO  o.a.catalina.core.StandardEngine - Starting Servlet engine: [Apache Tomcat/9.0.63]
2022-06-22 08:28:59 [main] INFO  o.a.c.c.C.[Tomcat].[localhost].[/] - Initializing Spring embedded WebApplicationContext
2022-06-22 08:28:59 [main] INFO  o.s.b.w.s.c.ServletWebServerApplicationContext - Root WebApplicationContext: initialization completed in 1954 ms
2022-06-22 08:28:59 [main] INFO  o.s.s.web.DefaultSecurityFilterChain - Will secure Ant [pattern='/decrypt/**'] with [org.springframework.security.web.session.DisableEncodeUrlFilter@39c85c1a, org.springframework.security.web.context.request.async.WebAsyncManagerIntegrationFilter@2b148329, org.springframework.security.web.context.SecurityContextPersistenceFilter@3cd26422, org.springframework.security.web.header.HeaderWriterFilter@22ad1bae, org.springframework.security.web.csrf.CsrfFilter@3596b249, org.springframework.security.web.authentication.logout.LogoutFilter@c689973, org.springframework.security.web.savedrequest.RequestCacheAwareFilter@3fa21d49, org.springframework.security.web.servletapi.SecurityContextHolderAwareRequestFilter@2ed71727, org.springframework.security.web.authentication.AnonymousAuthenticationFilter@62c72501, org.springframework.security.web.session.SessionManagementFilter@32118208, org.springframework.security.web.access.ExceptionTranslationFilter@18d003cd]
2022-06-22 08:29:01 [main] INFO  o.a.coyote.http11.Http11NioProtocol - Starting ProtocolHandler ["http-nio-8888"]
2022-06-22 08:29:01 [main] INFO  o.s.b.w.e.tomcat.TomcatWebServer - Tomcat started on port(s): 8888 (http) with context path ''
2022-06-22 08:29:01 [main] INFO  c.e.m.config.server.ConfigServer - Started ConfigServer in 4.535 seconds (JVM running for 5.336)
2022-06-22 08:29:21 [http-nio-8888-exec-2] INFO  o.a.c.c.C.[Tomcat].[localhost].[/] - Initializing Spring DispatcherServlet 'dispatcherServlet'
2022-06-22 08:29:21 [http-nio-8888-exec-2] INFO  o.s.web.servlet.DispatcherServlet - Initializing Servlet 'dispatcherServlet'
2022-06-22 08:29:21 [http-nio-8888-exec-2] INFO  o.s.web.servlet.DispatcherServlet - Completed initialization in 4 ms
2022-06-22 08:29:36 [http-nio-8888-exec-2] INFO  o.s.c.c.s.e.NativeEnvironmentRepository - Adding property source: Config resource 'file [C:\Users\bless\AppData\Local\Temp\config-repo-16010652237543085322\kafka-to-elastic-service.yml]' via location 'file:/C:/Users/bless/AppData/Local/Temp/config-repo-16010652237543085322/'
2022-06-22 08:52:11 [http-nio-8888-exec-1] INFO  o.s.c.c.s.e.NativeEnvironmentRepository - Adding property source: Config resource 'file [C:\Users\bless\AppData\Local\Temp\config-repo-16010652237543085322\kafka-to-elastic-service.yml]' via location 'file:/C:/Users/bless/AppData/Local/Temp/config-repo-16010652237543085322/'
2022-06-22 08:59:52 [http-nio-8888-exec-4] INFO  o.s.c.c.s.e.NativeEnvironmentRepository - Adding property source: Config resource 'file [C:\Users\bless\AppData\Local\Temp\config-repo-16010652237543085322\twitter-to-kafka-service.yml]' via location 'file:/C:/Users/bless/AppData/Local/Temp/config-repo-16010652237543085322/'
2022-06-22 09:03:19 [http-nio-8888-exec-7] INFO  o.s.c.c.s.e.NativeEnvironmentRepository - Adding property source: Config resource 'file [C:\Users\bless\AppData\Local\Temp\config-repo-16010652237543085322\twitter-to-kafka-service.yml]' via location 'file:/C:/Users/bless/AppData/Local/Temp/config-repo-16010652237543085322/'
2022-06-22 09:05:41 [http-nio-8888-exec-8] INFO  o.s.c.c.s.e.NativeEnvironmentRepository - Adding property source: Config resource 'file [C:\Users\bless\AppData\Local\Temp\config-repo-16010652237543085322\kafka-to-elastic-service.yml]' via location 'file:/C:/Users/bless/AppData/Local/Temp/config-repo-16010652237543085322/'
2022-06-22 09:27:15 [Thread-3] WARN  o.s.c.c.s.e.MultipleJGitEnvironmentRepository - Failed to delete temporary directory on exit: java.nio.file.AccessDeniedException: C:\Users\bless\AppData\Local\Temp\config-repo-16010652237543085322\.git\objects\pack\pack-9892d6e75edd8b0e8387e164cf94a899009ee52d.idx
2022-06-22 10:16:17 [main] INFO  c.e.m.config.server.ConfigServer - Starting ConfigServer using Java 18.0.1.1 on AMasterPiece with PID 7740 (D:\spring\Projects\Event-Driven-Microservices\event-driven-microservices\config-server\target\classes started by bless in D:\spring\Projects\Event-Driven-Microservices\event-driven-microservices)
2022-06-22 10:16:17 [main] INFO  c.e.m.config.server.ConfigServer - No active profile set, falling back to 1 default profile: "default"
2022-06-22 10:16:18 [background-preinit] INFO  o.h.validator.internal.util.Version - HV000001: Hibernate Validator 6.2.3.Final
2022-06-22 10:16:19 [main] INFO  o.s.cloud.context.scope.GenericScope - BeanFactory id=d6fa766b-4bad-3b19-9efb-bad6959c38ba
2022-06-22 10:16:20 [main] INFO  o.s.b.w.e.tomcat.TomcatWebServer - Tomcat initialized with port(s): 8888 (http)
2022-06-22 10:16:20 [main] INFO  o.a.coyote.http11.Http11NioProtocol - Initializing ProtocolHandler ["http-nio-8888"]
2022-06-22 10:16:20 [main] INFO  o.a.catalina.core.StandardService - Starting service [Tomcat]
2022-06-22 10:16:20 [main] INFO  o.a.catalina.core.StandardEngine - Starting Servlet engine: [Apache Tomcat/9.0.63]
2022-06-22 10:16:20 [main] INFO  o.a.c.c.C.[Tomcat].[localhost].[/] - Initializing Spring embedded WebApplicationContext
2022-06-22 10:16:20 [main] INFO  o.s.b.w.s.c.ServletWebServerApplicationContext - Root WebApplicationContext: initialization completed in 2940 ms
2022-06-22 10:16:21 [main] INFO  o.s.s.web.DefaultSecurityFilterChain - Will secure Ant [pattern='/decrypt/**'] with [org.springframework.security.web.session.DisableEncodeUrlFilter@7a2ab862, org.springframework.security.web.context.request.async.WebAsyncManagerIntegrationFilter@33188612, org.springframework.security.web.context.SecurityContextPersistenceFilter@44114b9f, org.springframework.security.web.header.HeaderWriterFilter@3d9f5016, org.springframework.security.web.csrf.CsrfFilter@78fe204a, org.springframework.security.web.authentication.logout.LogoutFilter@d499c13, org.springframework.security.web.savedrequest.RequestCacheAwareFilter@2a235b8e, org.springframework.security.web.servletapi.SecurityContextHolderAwareRequestFilter@6f3f0ae, org.springframework.security.web.authentication.AnonymousAuthenticationFilter@4733f6f5, org.springframework.security.web.session.SessionManagementFilter@4cffcc61, org.springframework.security.web.access.ExceptionTranslationFilter@72b6832e]
2022-06-22 10:16:22 [main] INFO  o.a.coyote.http11.Http11NioProtocol - Starting ProtocolHandler ["http-nio-8888"]
2022-06-22 10:16:22 [main] INFO  o.s.b.w.e.tomcat.TomcatWebServer - Tomcat started on port(s): 8888 (http) with context path ''
2022-06-22 10:16:22 [main] INFO  c.e.m.config.server.ConfigServer - Started ConfigServer in 6.2 seconds (JVM running for 7.577)
2022-06-22 10:17:19 [http-nio-8888-exec-1] INFO  o.a.c.c.C.[Tomcat].[localhost].[/] - Initializing Spring DispatcherServlet 'dispatcherServlet'
2022-06-22 10:17:19 [http-nio-8888-exec-1] INFO  o.s.web.servlet.DispatcherServlet - Initializing Servlet 'dispatcherServlet'
2022-06-22 10:17:19 [http-nio-8888-exec-1] INFO  o.s.web.servlet.DispatcherServlet - Completed initialization in 4 ms
2022-06-22 10:17:25 [http-nio-8888-exec-1] INFO  o.s.c.c.s.e.NativeEnvironmentRepository - Adding property source: Config resource 'file [C:\Users\bless\AppData\Local\Temp\config-repo-13087049880202057304\twitter-to-kafka-service.yml]' via location 'file:/C:/Users/bless/AppData/Local/Temp/config-repo-13087049880202057304/'
2022-06-22 10:18:14 [http-nio-8888-exec-2] INFO  o.s.c.c.s.e.NativeEnvironmentRepository - Adding property source: Config resource 'file [C:\Users\bless\AppData\Local\Temp\config-repo-13087049880202057304\kafka-to-elastic-service.yml]' via location 'file:/C:/Users/bless/AppData/Local/Temp/config-repo-13087049880202057304/'
2022-06-22 10:19:16 [Thread-3] WARN  o.s.c.c.s.e.MultipleJGitEnvironmentRepository - Failed to delete temporary directory on exit: java.nio.file.AccessDeniedException: C:\Users\bless\AppData\Local\Temp\config-repo-13087049880202057304\.git\objects\pack\pack-9892d6e75edd8b0e8387e164cf94a899009ee52d.idx
2022-06-22 16:22:09 [main] INFO  c.e.m.config.server.ConfigServer - Starting ConfigServer using Java 18.0.1.1 on AMasterPiece with PID 6700 (D:\spring\Projects\Event-Driven-Microservices\event-driven-microservices\config-server\target\classes started by bless in D:\spring\Projects\Event-Driven-Microservices\event-driven-microservices)
2022-06-22 16:22:09 [background-preinit] INFO  o.h.validator.internal.util.Version - HV000001: Hibernate Validator 6.2.3.Final
2022-06-22 16:22:09 [main] INFO  c.e.m.config.server.ConfigServer - No active profile set, falling back to 1 default profile: "default"
2022-06-22 16:22:11 [main] INFO  o.s.cloud.context.scope.GenericScope - BeanFactory id=d6fa766b-4bad-3b19-9efb-bad6959c38ba
2022-06-22 16:22:12 [main] INFO  o.s.b.w.e.tomcat.TomcatWebServer - Tomcat initialized with port(s): 8888 (http)
2022-06-22 16:22:12 [main] INFO  o.a.coyote.http11.Http11NioProtocol - Initializing ProtocolHandler ["http-nio-8888"]
2022-06-22 16:22:12 [main] INFO  o.a.catalina.core.StandardService - Starting service [Tomcat]
2022-06-22 16:22:12 [main] INFO  o.a.catalina.core.StandardEngine - Starting Servlet engine: [Apache Tomcat/9.0.63]
2022-06-22 16:22:13 [main] INFO  o.a.c.c.C.[Tomcat].[localhost].[/] - Initializing Spring embedded WebApplicationContext
2022-06-22 16:22:13 [main] INFO  o.s.b.w.s.c.ServletWebServerApplicationContext - Root WebApplicationContext: initialization completed in 3829 ms
2022-06-22 16:22:13 [main] INFO  o.s.s.web.DefaultSecurityFilterChain - Will secure Ant [pattern='/decrypt/**'] with [org.springframework.security.web.session.DisableEncodeUrlFilter@29050de5, org.springframework.security.web.context.request.async.WebAsyncManagerIntegrationFilter@3610f277, org.springframework.security.web.context.SecurityContextPersistenceFilter@91f565d, org.springframework.security.web.header.HeaderWriterFilter@5ad1904f, org.springframework.security.web.csrf.CsrfFilter@2e7bf7b7, org.springframework.security.web.authentication.logout.LogoutFilter@7a3269f5, org.springframework.security.web.savedrequest.RequestCacheAwareFilter@3b83459e, org.springframework.security.web.servletapi.SecurityContextHolderAwareRequestFilter@3cd26422, org.springframework.security.web.authentication.AnonymousAuthenticationFilter@c689973, org.springframework.security.web.session.SessionManagementFilter@22bdb1d0, org.springframework.security.web.access.ExceptionTranslationFilter@4dd90166]
2022-06-22 16:22:15 [main] INFO  o.a.coyote.http11.Http11NioProtocol - Starting ProtocolHandler ["http-nio-8888"]
2022-06-22 16:22:15 [main] INFO  o.s.b.w.e.tomcat.TomcatWebServer - Tomcat started on port(s): 8888 (http) with context path ''
2022-06-22 16:22:15 [main] INFO  c.e.m.config.server.ConfigServer - Started ConfigServer in 9.115 seconds (JVM running for 12.031)
2022-06-22 16:23:19 [http-nio-8888-exec-1] INFO  o.a.c.c.C.[Tomcat].[localhost].[/] - Initializing Spring DispatcherServlet 'dispatcherServlet'
2022-06-22 16:23:19 [http-nio-8888-exec-1] INFO  o.s.web.servlet.DispatcherServlet - Initializing Servlet 'dispatcherServlet'
2022-06-22 16:23:19 [http-nio-8888-exec-1] INFO  o.s.web.servlet.DispatcherServlet - Completed initialization in 23 ms
2022-06-22 16:23:31 [http-nio-8888-exec-1] INFO  o.s.c.c.s.e.NativeEnvironmentRepository - Adding property source: Config resource 'file [C:\Users\bless\AppData\Local\Temp\config-repo-13748924908940469724\elastic-query-service.yml]' via location 'file:/C:/Users/bless/AppData/Local/Temp/config-repo-13748924908940469724/'
2022-06-22 16:26:08 [http-nio-8888-exec-3] INFO  o.s.c.c.s.e.NativeEnvironmentRepository - Adding property source: Config resource 'file [C:\Users\bless\AppData\Local\Temp\config-repo-13748924908940469724\elastic-query-service.yml]' via location 'file:/C:/Users/bless/AppData/Local/Temp/config-repo-13748924908940469724/'
2022-06-22 16:36:27 [http-nio-8888-exec-5] INFO  o.s.c.c.s.e.NativeEnvironmentRepository - Adding property source: Config resource 'file [C:\Users\bless\AppData\Local\Temp\config-repo-13748924908940469724\elastic-query-service.yml]' via location 'file:/C:/Users/bless/AppData/Local/Temp/config-repo-13748924908940469724/'
2022-06-22 16:37:48 [http-nio-8888-exec-7] INFO  o.s.c.c.s.e.NativeEnvironmentRepository - Adding property source: Config resource 'file [C:\Users\bless\AppData\Local\Temp\config-repo-13748924908940469724\elastic-query-service.yml]' via location 'file:/C:/Users/bless/AppData/Local/Temp/config-repo-13748924908940469724/'
2022-06-22 16:38:46 [http-nio-8888-exec-9] INFO  o.s.c.c.s.e.NativeEnvironmentRepository - Adding property source: Config resource 'file [C:\Users\bless\AppData\Local\Temp\config-repo-13748924908940469724\elastic-query-service.yml]' via location 'file:/C:/Users/bless/AppData/Local/Temp/config-repo-13748924908940469724/'
2022-06-22 16:46:46 [http-nio-8888-exec-1] INFO  o.s.c.c.s.e.NativeEnvironmentRepository - Adding property source: Config resource 'file [C:\Users\bless\AppData\Local\Temp\config-repo-13748924908940469724\elastic-query-service.yml]' via location 'file:/C:/Users/bless/AppData/Local/Temp/config-repo-13748924908940469724/'
2022-06-22 16:51:18 [http-nio-8888-exec-3] INFO  o.s.c.c.s.e.NativeEnvironmentRepository - Adding property source: Config resource 'file [C:\Users\bless\AppData\Local\Temp\config-repo-13748924908940469724\elastic-query-service.yml]' via location 'file:/C:/Users/bless/AppData/Local/Temp/config-repo-13748924908940469724/'
2022-06-22 16:54:00 [http-nio-8888-exec-5] INFO  o.s.c.c.s.e.NativeEnvironmentRepository - Adding property source: Config resource 'file [C:\Users\bless\AppData\Local\Temp\config-repo-13748924908940469724\elastic-query-service.yml]' via location 'file:/C:/Users/bless/AppData/Local/Temp/config-repo-13748924908940469724/'
2022-06-22 17:12:57 [http-nio-8888-exec-7] INFO  o.s.c.c.s.e.NativeEnvironmentRepository - Adding property source: Config resource 'file [C:\Users\bless\AppData\Local\Temp\config-repo-13748924908940469724\elastic-query-service.yml]' via location 'file:/C:/Users/bless/AppData/Local/Temp/config-repo-13748924908940469724/'
2022-06-22 17:17:23 [http-nio-8888-exec-9] INFO  o.s.c.c.s.e.NativeEnvironmentRepository - Adding property source: Config resource 'file [C:\Users\bless\AppData\Local\Temp\config-repo-13748924908940469724\elastic-query-service.yml]' via location 'file:/C:/Users/bless/AppData/Local/Temp/config-repo-13748924908940469724/'
2022-06-22 17:34:58 [http-nio-8888-exec-1] INFO  o.s.c.c.s.e.NativeEnvironmentRepository - Adding property source: Config resource 'file [C:\Users\bless\AppData\Local\Temp\config-repo-13748924908940469724\elastic-query-service.yml]' via location 'file:/C:/Users/bless/AppData/Local/Temp/config-repo-13748924908940469724/'
2022-06-22 17:46:10 [http-nio-8888-exec-3] INFO  o.s.c.c.s.e.NativeEnvironmentRepository - Adding property source: Config resource 'file [C:\Users\bless\AppData\Local\Temp\config-repo-13748924908940469724\elastic-query-service.yml]' via location 'file:/C:/Users/bless/AppData/Local/Temp/config-repo-13748924908940469724/'
2022-06-22 17:57:42 [Thread-3] WARN  o.s.c.c.s.e.MultipleJGitEnvironmentRepository - Failed to delete temporary directory on exit: java.nio.file.AccessDeniedException: C:\Users\bless\AppData\Local\Temp\config-repo-13748924908940469724\.git\objects\pack\pack-2407771f6265594dbff554f2e46858b3a0cb5e7d.idx
