2022-06-18 13:33:33 [background-preinit] INFO  o.h.validator.internal.util.Version - HV000001: Hibernate Validator 6.2.3.Final
2022-06-18 13:33:33 [main] INFO  c.e.m.config.server.ConfigServer - Starting ConfigServer using Java 18.0.1.1 on AMasterPiece with PID 4872 (D:\spring\Projects\Event-Driven-Microservices\event-driven-microservices\config-server\target\classes started by bless in D:\spring\Projects\Event-Driven-Microservices\event-driven-microservices)
2022-06-18 13:33:33 [main] INFO  c.e.m.config.server.ConfigServer - No active profile set, falling back to 1 default profile: "default"
2022-06-18 13:33:37 [main] INFO  o.s.cloud.context.scope.GenericScope - BeanFactory id=d6fa766b-4bad-3b19-9efb-bad6959c38ba
2022-06-18 13:33:38 [main] INFO  o.s.b.w.e.tomcat.TomcatWebServer - Tomcat initialized with port(s): 8888 (http)
2022-06-18 13:33:38 [main] INFO  o.a.coyote.http11.Http11NioProtocol - Initializing ProtocolHandler ["http-nio-8888"]
2022-06-18 13:33:38 [main] INFO  o.a.catalina.core.StandardService - Starting service [Tomcat]
2022-06-18 13:33:38 [main] INFO  o.a.catalina.core.StandardEngine - Starting Servlet engine: [Apache Tomcat/9.0.63]
2022-06-18 13:33:39 [main] INFO  o.a.c.c.C.[Tomcat].[localhost].[/] - Initializing Spring embedded WebApplicationContext
2022-06-18 13:33:39 [main] INFO  o.s.b.w.s.c.ServletWebServerApplicationContext - Root WebApplicationContext: initialization completed in 5041 ms
2022-06-18 13:33:39 [main] INFO  o.s.s.web.DefaultSecurityFilterChain - Will secure Ant [pattern='/decrypt/**'] with [org.springframework.security.web.session.DisableEncodeUrlFilter@c889805, org.springframework.security.web.context.request.async.WebAsyncManagerIntegrationFilter@77db3d02, org.springframework.security.web.context.SecurityContextPersistenceFilter@416d56f2, org.springframework.security.web.header.HeaderWriterFilter@45900b64, org.springframework.security.web.csrf.CsrfFilter@642a16aa, org.springframework.security.web.authentication.logout.LogoutFilter@71a3e05c, org.springframework.security.web.savedrequest.RequestCacheAwareFilter@1b01a0d, org.springframework.security.web.servletapi.SecurityContextHolderAwareRequestFilter@64da6cbd, org.springframework.security.web.authentication.AnonymousAuthenticationFilter@78d9f51b, org.springframework.security.web.session.SessionManagementFilter@3cd26422, org.springframework.security.web.access.ExceptionTranslationFilter@4116f66a]
2022-06-18 13:33:42 [main] INFO  o.a.coyote.http11.Http11NioProtocol - Starting ProtocolHandler ["http-nio-8888"]
2022-06-18 13:33:42 [main] INFO  o.s.b.w.e.tomcat.TomcatWebServer - Tomcat started on port(s): 8888 (http) with context path ''
2022-06-18 13:33:43 [main] INFO  c.e.m.config.server.ConfigServer - Started ConfigServer in 12.546 seconds (JVM running for 14.534)
2022-06-18 13:34:01 [http-nio-8888-exec-1] INFO  o.a.c.c.C.[Tomcat].[localhost].[/] - Initializing Spring DispatcherServlet 'dispatcherServlet'
2022-06-18 13:34:01 [http-nio-8888-exec-1] INFO  o.s.web.servlet.DispatcherServlet - Initializing Servlet 'dispatcherServlet'
2022-06-18 13:34:01 [http-nio-8888-exec-1] INFO  o.s.web.servlet.DispatcherServlet - Completed initialization in 7 ms
2022-06-18 13:34:10 [http-nio-8888-exec-1] INFO  o.s.c.c.s.e.NativeEnvironmentRepository - Adding property source: Config resource 'file [C:\Users\bless\AppData\Local\Temp\config-repo-6418168693171040067\twitter-to-kafka-service.yml]' via location 'file:/C:/Users/bless/AppData/Local/Temp/config-repo-6418168693171040067/'
2022-06-18 13:35:09 [http-nio-8888-exec-3] INFO  o.s.c.c.s.e.NativeEnvironmentRepository - Adding property source: Config resource 'file [C:\Users\bless\AppData\Local\Temp\config-repo-6418168693171040067\twitter-to-kafka-service.yml]' via location 'file:/C:/Users/bless/AppData/Local/Temp/config-repo-6418168693171040067/'
2022-06-18 13:35:59 [http-nio-8888-exec-5] INFO  o.s.c.c.s.e.NativeEnvironmentRepository - Adding property source: Config resource 'file [C:\Users\bless\AppData\Local\Temp\config-repo-6418168693171040067\twitter-to-kafka-service.yml]' via location 'file:/C:/Users/bless/AppData/Local/Temp/config-repo-6418168693171040067/'
2022-06-18 13:37:36 [http-nio-8888-exec-8] INFO  o.s.c.c.s.e.NativeEnvironmentRepository - Adding property source: Config resource 'file [C:\Users\bless\AppData\Local\Temp\config-repo-6418168693171040067\twitter-to-kafka-service.yml]' via location 'file:/C:/Users/bless/AppData/Local/Temp/config-repo-6418168693171040067/'
2022-06-18 14:53:19 [http-nio-8888-exec-9] INFO  o.s.c.c.s.e.NativeEnvironmentRepository - Adding property source: Config resource 'file [C:\Users\bless\AppData\Local\Temp\config-repo-6418168693171040067\twitter-to-kafka-service.yml]' via location 'file:/C:/Users/bless/AppData/Local/Temp/config-repo-6418168693171040067/'
2022-06-18 14:54:53 [Thread-3] WARN  o.s.c.c.s.e.MultipleJGitEnvironmentRepository - Failed to delete temporary directory on exit: java.nio.file.AccessDeniedException: C:\Users\bless\AppData\Local\Temp\config-repo-6418168693171040067\.git\objects\pack\pack-ac5d93bd2333779f92a786af0a12a9c55720dc51.idx
2022-06-18 14:55:35 [background-preinit] INFO  o.h.validator.internal.util.Version - HV000001: Hibernate Validator 6.2.3.Final
2022-06-18 14:55:35 [main] INFO  c.e.m.config.server.ConfigServer - Starting ConfigServer using Java 18.0.1.1 on AMasterPiece with PID 7048 (D:\spring\Projects\Event-Driven-Microservices\event-driven-microservices\config-server\target\classes started by bless in D:\spring\Projects\Event-Driven-Microservices\event-driven-microservices)
2022-06-18 14:55:35 [main] INFO  c.e.m.config.server.ConfigServer - No active profile set, falling back to 1 default profile: "default"
2022-06-18 14:55:37 [main] INFO  o.s.cloud.context.scope.GenericScope - BeanFactory id=d6fa766b-4bad-3b19-9efb-bad6959c38ba
2022-06-18 14:55:38 [main] INFO  o.s.b.w.e.tomcat.TomcatWebServer - Tomcat initialized with port(s): 8888 (http)
2022-06-18 14:55:38 [main] INFO  o.a.coyote.http11.Http11NioProtocol - Initializing ProtocolHandler ["http-nio-8888"]
2022-06-18 14:55:38 [main] INFO  o.a.catalina.core.StandardService - Starting service [Tomcat]
2022-06-18 14:55:38 [main] INFO  o.a.catalina.core.StandardEngine - Starting Servlet engine: [Apache Tomcat/9.0.63]
2022-06-18 14:55:39 [main] INFO  o.a.c.c.C.[Tomcat].[localhost].[/] - Initializing Spring embedded WebApplicationContext
2022-06-18 14:55:39 [main] INFO  o.s.b.w.s.c.ServletWebServerApplicationContext - Root WebApplicationContext: initialization completed in 4184 ms
2022-06-18 14:55:39 [main] INFO  o.s.s.web.DefaultSecurityFilterChain - Will secure Ant [pattern='/decrypt/**'] with [org.springframework.security.web.session.DisableEncodeUrlFilter@40113163, org.springframework.security.web.context.request.async.WebAsyncManagerIntegrationFilter@71a3e05c, org.springframework.security.web.context.SecurityContextPersistenceFilter@414f87a9, org.springframework.security.web.header.HeaderWriterFilter@18d003cd, org.springframework.security.web.csrf.CsrfFilter@4519f676, org.springframework.security.web.authentication.logout.LogoutFilter@29050de5, org.springframework.security.web.savedrequest.RequestCacheAwareFilter@3cd26422, org.springframework.security.web.servletapi.SecurityContextHolderAwareRequestFilter@6e31d989, org.springframework.security.web.authentication.AnonymousAuthenticationFilter@39c85c1a, org.springframework.security.web.session.SessionManagementFilter@46e3559f, org.springframework.security.web.access.ExceptionTranslationFilter@f438904]
2022-06-18 14:55:41 [main] INFO  o.a.coyote.http11.Http11NioProtocol - Starting ProtocolHandler ["http-nio-8888"]
2022-06-18 14:55:41 [main] INFO  o.s.b.w.e.tomcat.TomcatWebServer - Tomcat started on port(s): 8888 (http) with context path ''
2022-06-18 14:55:42 [main] INFO  c.e.m.config.server.ConfigServer - Started ConfigServer in 8.793 seconds (JVM running for 10.375)
2022-06-18 14:56:05 [http-nio-8888-exec-2] INFO  o.a.c.c.C.[Tomcat].[localhost].[/] - Initializing Spring DispatcherServlet 'dispatcherServlet'
2022-06-18 14:56:05 [http-nio-8888-exec-2] INFO  o.s.web.servlet.DispatcherServlet - Initializing Servlet 'dispatcherServlet'
2022-06-18 14:56:05 [http-nio-8888-exec-2] INFO  o.s.web.servlet.DispatcherServlet - Completed initialization in 0 ms
2022-06-18 14:56:13 [http-nio-8888-exec-2] INFO  o.s.c.c.s.e.NativeEnvironmentRepository - Adding property source: Config resource 'file [C:\Users\bless\AppData\Local\Temp\config-repo-12220859316019473947\twitter-to-kafka-service.yml]' via location 'file:/C:/Users/bless/AppData/Local/Temp/config-repo-12220859316019473947/'
2022-06-18 15:00:32 [http-nio-8888-exec-3] INFO  o.s.c.c.s.e.NativeEnvironmentRepository - Adding property source: Config resource 'file [C:\Users\bless\AppData\Local\Temp\config-repo-12220859316019473947\twitter-to-kafka-service.yml]' via location 'file:/C:/Users/bless/AppData/Local/Temp/config-repo-12220859316019473947/'
2022-06-18 15:05:06 [http-nio-8888-exec-10] INFO  o.s.c.c.s.e.NativeEnvironmentRepository - Adding property source: Config resource 'file [C:\Users\bless\AppData\Local\Temp\config-repo-12220859316019473947\twitter-to-kafka-service.yml]' via location 'file:/C:/Users/bless/AppData/Local/Temp/config-repo-12220859316019473947/'
2022-06-18 15:26:28 [http-nio-8888-exec-7] INFO  o.s.c.c.s.e.NativeEnvironmentRepository - Adding property source: Config resource 'file [C:\Users\bless\AppData\Local\Temp\config-repo-12220859316019473947\twitter-to-kafka-service.yml]' via location 'file:/C:/Users/bless/AppData/Local/Temp/config-repo-12220859316019473947/'
2022-06-18 15:27:36 [Thread-3] WARN  o.s.c.c.s.e.MultipleJGitEnvironmentRepository - Failed to delete temporary directory on exit: java.nio.file.AccessDeniedException: C:\Users\bless\AppData\Local\Temp\config-repo-12220859316019473947\.git\objects\pack\pack-ac5d93bd2333779f92a786af0a12a9c55720dc51.idx
2022-06-18 15:31:49 [background-preinit] INFO  o.h.validator.internal.util.Version - HV000001: Hibernate Validator 6.2.3.Final
2022-06-18 15:31:49 [main] INFO  c.e.m.config.server.ConfigServer - Starting ConfigServer using Java 18.0.1.1 on AMasterPiece with PID 20316 (D:\spring\Projects\Event-Driven-Microservices\event-driven-microservices\config-server\target\classes started by bless in D:\spring\Projects\Event-Driven-Microservices\event-driven-microservices)
2022-06-18 15:31:49 [main] INFO  c.e.m.config.server.ConfigServer - No active profile set, falling back to 1 default profile: "default"
2022-06-18 15:31:50 [main] INFO  o.s.cloud.context.scope.GenericScope - BeanFactory id=d6fa766b-4bad-3b19-9efb-bad6959c38ba
2022-06-18 15:31:51 [main] INFO  o.s.b.w.e.tomcat.TomcatWebServer - Tomcat initialized with port(s): 8888 (http)
2022-06-18 15:31:51 [main] INFO  o.a.coyote.http11.Http11NioProtocol - Initializing ProtocolHandler ["http-nio-8888"]
2022-06-18 15:31:51 [main] INFO  o.a.catalina.core.StandardService - Starting service [Tomcat]
2022-06-18 15:31:51 [main] INFO  o.a.catalina.core.StandardEngine - Starting Servlet engine: [Apache Tomcat/9.0.63]
2022-06-18 15:31:51 [main] INFO  o.a.c.c.C.[Tomcat].[localhost].[/] - Initializing Spring embedded WebApplicationContext
2022-06-18 15:31:51 [main] INFO  o.s.b.w.s.c.ServletWebServerApplicationContext - Root WebApplicationContext: initialization completed in 2398 ms
2022-06-18 15:31:51 [main] INFO  o.s.s.web.DefaultSecurityFilterChain - Will secure Ant [pattern='/decrypt/**'] with [org.springframework.security.web.session.DisableEncodeUrlFilter@c889805, org.springframework.security.web.context.request.async.WebAsyncManagerIntegrationFilter@77db3d02, org.springframework.security.web.context.SecurityContextPersistenceFilter@416d56f2, org.springframework.security.web.header.HeaderWriterFilter@45900b64, org.springframework.security.web.csrf.CsrfFilter@642a16aa, org.springframework.security.web.authentication.logout.LogoutFilter@71a3e05c, org.springframework.security.web.savedrequest.RequestCacheAwareFilter@1b01a0d, org.springframework.security.web.servletapi.SecurityContextHolderAwareRequestFilter@64da6cbd, org.springframework.security.web.authentication.AnonymousAuthenticationFilter@78d9f51b, org.springframework.security.web.session.SessionManagementFilter@3cd26422, org.springframework.security.web.access.ExceptionTranslationFilter@4116f66a]
2022-06-18 15:31:53 [main] INFO  o.a.coyote.http11.Http11NioProtocol - Starting ProtocolHandler ["http-nio-8888"]
2022-06-18 15:31:53 [main] INFO  o.s.b.w.e.tomcat.TomcatWebServer - Tomcat started on port(s): 8888 (http) with context path ''
2022-06-18 15:31:53 [main] INFO  c.e.m.config.server.ConfigServer - Started ConfigServer in 5.575 seconds (JVM running for 6.684)
2022-06-18 15:32:02 [http-nio-8888-exec-3] INFO  o.a.c.c.C.[Tomcat].[localhost].[/] - Initializing Spring DispatcherServlet 'dispatcherServlet'
2022-06-18 15:32:02 [http-nio-8888-exec-3] INFO  o.s.web.servlet.DispatcherServlet - Initializing Servlet 'dispatcherServlet'
2022-06-18 15:32:02 [http-nio-8888-exec-3] INFO  o.s.web.servlet.DispatcherServlet - Completed initialization in 0 ms
2022-06-18 15:32:08 [http-nio-8888-exec-3] INFO  o.s.c.c.s.e.NativeEnvironmentRepository - Adding property source: Config resource 'file [C:\Users\bless\AppData\Local\Temp\config-repo-11509950846584686636\twitter-to-kafka-service.yml]' via location 'file:/C:/Users/bless/AppData/Local/Temp/config-repo-11509950846584686636/'
2022-06-18 15:35:01 [http-nio-8888-exec-1] INFO  o.s.c.c.s.e.NativeEnvironmentRepository - Adding property source: Config resource 'file [C:\Users\bless\AppData\Local\Temp\config-repo-11509950846584686636\twitter-to-kafka-service.yml]' via location 'file:/C:/Users/bless/AppData/Local/Temp/config-repo-11509950846584686636/'
2022-06-18 15:36:14 [http-nio-8888-exec-6] INFO  o.s.c.c.s.e.NativeEnvironmentRepository - Adding property source: Config resource 'file [C:\Users\bless\AppData\Local\Temp\config-repo-11509950846584686636\kafka-to-elastic-service.yml]' via location 'file:/C:/Users/bless/AppData/Local/Temp/config-repo-11509950846584686636/'
2022-06-18 15:37:19 [http-nio-8888-exec-10] INFO  o.s.c.c.s.e.NativeEnvironmentRepository - Adding property source: Config resource 'file [C:\Users\bless\AppData\Local\Temp\config-repo-11509950846584686636\kafka-to-elastic-service.yml]' via location 'file:/C:/Users/bless/AppData/Local/Temp/config-repo-11509950846584686636/'
2022-06-18 15:39:32 [http-nio-8888-exec-8] INFO  o.s.c.c.s.e.NativeEnvironmentRepository - Adding property source: Config resource 'file [C:\Users\bless\AppData\Local\Temp\config-repo-11509950846584686636\kafka-to-elastic-service.yml]' via location 'file:/C:/Users/bless/AppData/Local/Temp/config-repo-11509950846584686636/'
2022-06-18 15:40:33 [http-nio-8888-exec-3] INFO  o.s.c.c.s.e.NativeEnvironmentRepository - Adding property source: Config resource 'file [C:\Users\bless\AppData\Local\Temp\config-repo-11509950846584686636\kafka-to-elastic-service.yml]' via location 'file:/C:/Users/bless/AppData/Local/Temp/config-repo-11509950846584686636/'
2022-06-18 15:45:12 [http-nio-8888-exec-1] INFO  o.s.c.c.s.e.NativeEnvironmentRepository - Adding property source: Config resource 'file [C:\Users\bless\AppData\Local\Temp\config-repo-11509950846584686636\kafka-to-elastic-service.yml]' via location 'file:/C:/Users/bless/AppData/Local/Temp/config-repo-11509950846584686636/'
2022-06-18 15:55:39 [http-nio-8888-exec-6] INFO  o.s.c.c.s.e.NativeEnvironmentRepository - Adding property source: Config resource 'file [C:\Users\bless\AppData\Local\Temp\config-repo-11509950846584686636\kafka-to-elastic-service.yml]' via location 'file:/C:/Users/bless/AppData/Local/Temp/config-repo-11509950846584686636/'
2022-06-18 15:59:44 [http-nio-8888-exec-10] INFO  o.s.c.c.s.e.NativeEnvironmentRepository - Adding property source: Config resource 'file [C:\Users\bless\AppData\Local\Temp\config-repo-11509950846584686636\kafka-to-elastic-service.yml]' via location 'file:/C:/Users/bless/AppData/Local/Temp/config-repo-11509950846584686636/'
2022-06-18 16:01:44 [http-nio-8888-exec-8] INFO  o.s.c.c.s.e.MultipleJGitEnvironmentRepository - Fetched for remote main and found 1 updates
2022-06-18 16:01:44 [http-nio-8888-exec-8] INFO  o.s.c.c.s.e.NativeEnvironmentRepository - Adding property source: Config resource 'file [C:\Users\bless\AppData\Local\Temp\config-repo-11509950846584686636\kafka-to-elastic-service.yml]' via location 'file:/C:/Users/bless/AppData/Local/Temp/config-repo-11509950846584686636/'
2022-06-18 16:05:05 [http-nio-8888-exec-3] INFO  o.s.c.c.s.e.NativeEnvironmentRepository - Adding property source: Config resource 'file [C:\Users\bless\AppData\Local\Temp\config-repo-11509950846584686636\kafka-to-elastic-service.yml]' via location 'file:/C:/Users/bless/AppData/Local/Temp/config-repo-11509950846584686636/'
2022-06-18 16:07:41 [http-nio-8888-exec-1] INFO  o.s.c.c.s.e.NativeEnvironmentRepository - Adding property source: Config resource 'file [C:\Users\bless\AppData\Local\Temp\config-repo-11509950846584686636\kafka-to-elastic-service.yml]' via location 'file:/C:/Users/bless/AppData/Local/Temp/config-repo-11509950846584686636/'
2022-06-18 16:08:20 [http-nio-8888-exec-6] INFO  o.s.c.c.s.e.NativeEnvironmentRepository - Adding property source: Config resource 'file [C:\Users\bless\AppData\Local\Temp\config-repo-11509950846584686636\kafka-to-elastic-service.yml]' via location 'file:/C:/Users/bless/AppData/Local/Temp/config-repo-11509950846584686636/'
2022-06-18 16:12:35 [http-nio-8888-exec-10] INFO  o.s.c.c.s.e.NativeEnvironmentRepository - Adding property source: Config resource 'file [C:\Users\bless\AppData\Local\Temp\config-repo-11509950846584686636\kafka-to-elastic-service.yml]' via location 'file:/C:/Users/bless/AppData/Local/Temp/config-repo-11509950846584686636/'
2022-06-18 16:29:24 [http-nio-8888-exec-8] INFO  o.s.c.c.s.e.MultipleJGitEnvironmentRepository - Fetched for remote main and found 1 updates
2022-06-18 16:29:25 [http-nio-8888-exec-8] INFO  o.s.c.c.s.e.NativeEnvironmentRepository - Adding property source: Config resource 'file [C:\Users\bless\AppData\Local\Temp\config-repo-11509950846584686636\kafka-to-elastic-service.yml]' via location 'file:/C:/Users/bless/AppData/Local/Temp/config-repo-11509950846584686636/'
2022-06-18 16:32:27 [http-nio-8888-exec-3] INFO  o.s.c.c.s.e.MultipleJGitEnvironmentRepository - Fetched for remote main and found 1 updates
2022-06-18 16:32:27 [http-nio-8888-exec-3] INFO  o.s.c.c.s.e.NativeEnvironmentRepository - Adding property source: Config resource 'file [C:\Users\bless\AppData\Local\Temp\config-repo-11509950846584686636\kafka-to-elastic-service.yml]' via location 'file:/C:/Users/bless/AppData/Local/Temp/config-repo-11509950846584686636/'
2022-06-18 16:34:37 [http-nio-8888-exec-1] INFO  o.s.c.c.s.e.NativeEnvironmentRepository - Adding property source: Config resource 'file [C:\Users\bless\AppData\Local\Temp\config-repo-11509950846584686636\kafka-to-elastic-service.yml]' via location 'file:/C:/Users/bless/AppData/Local/Temp/config-repo-11509950846584686636/'
2022-06-18 16:41:25 [http-nio-8888-exec-6] INFO  o.s.c.c.s.e.NativeEnvironmentRepository - Adding property source: Config resource 'file [C:\Users\bless\AppData\Local\Temp\config-repo-11509950846584686636\kafka-to-elastic-service.yml]' via location 'file:/C:/Users/bless/AppData/Local/Temp/config-repo-11509950846584686636/'
2022-06-18 16:50:53 [http-nio-8888-exec-10] INFO  o.s.c.c.s.e.NativeEnvironmentRepository - Adding property source: Config resource 'file [C:\Users\bless\AppData\Local\Temp\config-repo-11509950846584686636\kafka-to-elastic-service.yml]' via location 'file:/C:/Users/bless/AppData/Local/Temp/config-repo-11509950846584686636/'
2022-06-18 16:52:15 [http-nio-8888-exec-8] INFO  o.s.c.c.s.e.NativeEnvironmentRepository - Adding property source: Config resource 'file [C:\Users\bless\AppData\Local\Temp\config-repo-11509950846584686636\kafka-to-elastic-service.yml]' via location 'file:/C:/Users/bless/AppData/Local/Temp/config-repo-11509950846584686636/'
2022-06-18 16:54:19 [http-nio-8888-exec-3] INFO  o.s.c.c.s.e.NativeEnvironmentRepository - Adding property source: Config resource 'file [C:\Users\bless\AppData\Local\Temp\config-repo-11509950846584686636\twitter-to-kafka-service.yml]' via location 'file:/C:/Users/bless/AppData/Local/Temp/config-repo-11509950846584686636/'
2022-06-18 16:55:04 [http-nio-8888-exec-7] INFO  o.s.c.c.s.e.NativeEnvironmentRepository - Adding property source: Config resource 'file [C:\Users\bless\AppData\Local\Temp\config-repo-11509950846584686636\kafka-to-elastic-service.yml]' via location 'file:/C:/Users/bless/AppData/Local/Temp/config-repo-11509950846584686636/'
2022-06-18 16:56:47 [http-nio-8888-exec-6] INFO  o.s.c.c.s.e.MultipleJGitEnvironmentRepository - Fetched for remote main and found 1 updates
2022-06-18 16:56:47 [http-nio-8888-exec-6] INFO  o.s.c.c.s.e.NativeEnvironmentRepository - Adding property source: Config resource 'file [C:\Users\bless\AppData\Local\Temp\config-repo-11509950846584686636\kafka-to-elastic-service.yml]' via location 'file:/C:/Users/bless/AppData/Local/Temp/config-repo-11509950846584686636/'
2022-06-18 16:58:31 [http-nio-8888-exec-10] INFO  o.s.c.c.s.e.NativeEnvironmentRepository - Adding property source: Config resource 'file [C:\Users\bless\AppData\Local\Temp\config-repo-11509950846584686636\kafka-to-elastic-service.yml]' via location 'file:/C:/Users/bless/AppData/Local/Temp/config-repo-11509950846584686636/'
2022-06-18 16:59:03 [Thread-3] WARN  o.s.c.c.s.e.MultipleJGitEnvironmentRepository - Failed to delete temporary directory on exit: java.nio.file.AccessDeniedException: C:\Users\bless\AppData\Local\Temp\config-repo-11509950846584686636\.git\objects\pack\pack-19076e8990936a0df88aa3996c95eba4f1047240.idx
2022-06-18 16:59:17 [main] INFO  c.e.m.config.server.ConfigServer - Starting ConfigServer using Java 18.0.1.1 on AMasterPiece with PID 16464 (D:\spring\Projects\Event-Driven-Microservices\event-driven-microservices\config-server\target\classes started by bless in D:\spring\Projects\Event-Driven-Microservices\event-driven-microservices)
2022-06-18 16:59:17 [main] INFO  c.e.m.config.server.ConfigServer - No active profile set, falling back to 1 default profile: "default"
2022-06-18 16:59:17 [background-preinit] INFO  o.h.validator.internal.util.Version - HV000001: Hibernate Validator 6.2.3.Final
2022-06-18 16:59:19 [main] INFO  o.s.cloud.context.scope.GenericScope - BeanFactory id=d6fa766b-4bad-3b19-9efb-bad6959c38ba
2022-06-18 16:59:20 [main] INFO  o.s.b.w.e.tomcat.TomcatWebServer - Tomcat initialized with port(s): 8888 (http)
2022-06-18 16:59:20 [main] INFO  o.a.coyote.http11.Http11NioProtocol - Initializing ProtocolHandler ["http-nio-8888"]
2022-06-18 16:59:20 [main] INFO  o.a.catalina.core.StandardService - Starting service [Tomcat]
2022-06-18 16:59:20 [main] INFO  o.a.catalina.core.StandardEngine - Starting Servlet engine: [Apache Tomcat/9.0.63]
2022-06-18 16:59:20 [main] INFO  o.a.c.c.C.[Tomcat].[localhost].[/] - Initializing Spring embedded WebApplicationContext
2022-06-18 16:59:20 [main] INFO  o.s.b.w.s.c.ServletWebServerApplicationContext - Root WebApplicationContext: initialization completed in 3493 ms
2022-06-18 16:59:21 [main] INFO  o.s.s.web.DefaultSecurityFilterChain - Will secure Ant [pattern='/decrypt/**'] with [org.springframework.security.web.session.DisableEncodeUrlFilter@6f3f0ae, org.springframework.security.web.context.request.async.WebAsyncManagerIntegrationFilter@6baf25d7, org.springframework.security.web.context.SecurityContextPersistenceFilter@c689973, org.springframework.security.web.header.HeaderWriterFilter@21bd128b, org.springframework.security.web.csrf.CsrfFilter@91f565d, org.springframework.security.web.authentication.logout.LogoutFilter@2a235b8e, org.springframework.security.web.savedrequest.RequestCacheAwareFilter@40113163, org.springframework.security.web.servletapi.SecurityContextHolderAwareRequestFilter@62c72501, org.springframework.security.web.authentication.AnonymousAuthenticationFilter@57a6a933, org.springframework.security.web.session.SessionManagementFilter@4091b9c3, org.springframework.security.web.access.ExceptionTranslationFilter@57e388c3]
2022-06-18 16:59:22 [main] INFO  o.a.coyote.http11.Http11NioProtocol - Starting ProtocolHandler ["http-nio-8888"]
2022-06-18 16:59:22 [main] INFO  o.s.b.w.e.tomcat.TomcatWebServer - Tomcat started on port(s): 8888 (http) with context path ''
2022-06-18 16:59:23 [main] INFO  c.e.m.config.server.ConfigServer - Started ConfigServer in 7.7 seconds (JVM running for 8.69)
2022-06-18 16:59:41 [http-nio-8888-exec-1] INFO  o.a.c.c.C.[Tomcat].[localhost].[/] - Initializing Spring DispatcherServlet 'dispatcherServlet'
2022-06-18 16:59:41 [http-nio-8888-exec-1] INFO  o.s.web.servlet.DispatcherServlet - Initializing Servlet 'dispatcherServlet'
2022-06-18 16:59:41 [http-nio-8888-exec-1] INFO  o.s.web.servlet.DispatcherServlet - Completed initialization in 1 ms
2022-06-18 16:59:47 [http-nio-8888-exec-1] INFO  o.s.c.c.s.e.NativeEnvironmentRepository - Adding property source: Config resource 'file [C:\Users\bless\AppData\Local\Temp\config-repo-8252566286101838244\twitter-to-kafka-service.yml]' via location 'file:/C:/Users/bless/AppData/Local/Temp/config-repo-8252566286101838244/'
2022-06-18 17:00:26 [http-nio-8888-exec-2] INFO  o.s.c.c.s.e.NativeEnvironmentRepository - Adding property source: Config resource 'file [C:\Users\bless\AppData\Local\Temp\config-repo-8252566286101838244\kafka-to-elastic-service.yml]' via location 'file:/C:/Users/bless/AppData/Local/Temp/config-repo-8252566286101838244/'
2022-06-18 17:01:36 [http-nio-8888-exec-5] INFO  o.s.c.c.s.e.NativeEnvironmentRepository - Adding property source: Config resource 'file [C:\Users\bless\AppData\Local\Temp\config-repo-8252566286101838244\kafka-to-elastic-service.yml]' via location 'file:/C:/Users/bless/AppData/Local/Temp/config-repo-8252566286101838244/'
2022-06-18 17:02:37 [http-nio-8888-exec-9] INFO  o.s.c.c.s.e.NativeEnvironmentRepository - Adding property source: Config resource 'file [C:\Users\bless\AppData\Local\Temp\config-repo-8252566286101838244\kafka-to-elastic-service.yml]' via location 'file:/C:/Users/bless/AppData/Local/Temp/config-repo-8252566286101838244/'
2022-06-18 17:04:52 [http-nio-8888-exec-7] INFO  o.s.c.c.s.e.NativeEnvironmentRepository - Adding property source: Config resource 'file [C:\Users\bless\AppData\Local\Temp\config-repo-8252566286101838244\kafka-to-elastic-service.yml]' via location 'file:/C:/Users/bless/AppData/Local/Temp/config-repo-8252566286101838244/'
2022-06-18 17:36:53 [http-nio-8888-exec-1] INFO  o.s.c.c.s.e.NativeEnvironmentRepository - Adding property source: Config resource 'file [C:\Users\bless\AppData\Local\Temp\config-repo-8252566286101838244\kafka-to-elastic-service.yml]' via location 'file:/C:/Users/bless/AppData/Local/Temp/config-repo-8252566286101838244/'
2022-06-18 17:37:47 [http-nio-8888-exec-3] INFO  o.s.c.c.s.e.NativeEnvironmentRepository - Adding property source: Config resource 'file [C:\Users\bless\AppData\Local\Temp\config-repo-8252566286101838244\kafka-to-elastic-service.yml]' via location 'file:/C:/Users/bless/AppData/Local/Temp/config-repo-8252566286101838244/'
2022-06-18 17:39:58 [http-nio-8888-exec-5] INFO  o.s.c.c.s.e.NativeEnvironmentRepository - Adding property source: Config resource 'file [C:\Users\bless\AppData\Local\Temp\config-repo-8252566286101838244\kafka-to-elastic-service.yml]' via location 'file:/C:/Users/bless/AppData/Local/Temp/config-repo-8252566286101838244/'
2022-06-18 17:51:54 [http-nio-8888-exec-9] INFO  o.s.c.c.s.e.NativeEnvironmentRepository - Adding property source: Config resource 'file [C:\Users\bless\AppData\Local\Temp\config-repo-8252566286101838244\kafka-to-elastic-service.yml]' via location 'file:/C:/Users/bless/AppData/Local/Temp/config-repo-8252566286101838244/'
2022-06-18 17:53:13 [http-nio-8888-exec-7] INFO  o.s.c.c.s.e.NativeEnvironmentRepository - Adding property source: Config resource 'file [C:\Users\bless\AppData\Local\Temp\config-repo-8252566286101838244\kafka-to-elastic-service.yml]' via location 'file:/C:/Users/bless/AppData/Local/Temp/config-repo-8252566286101838244/'
2022-06-18 17:54:43 [http-nio-8888-exec-1] INFO  o.s.c.c.s.e.NativeEnvironmentRepository - Adding property source: Config resource 'file [C:\Users\bless\AppData\Local\Temp\config-repo-8252566286101838244\kafka-to-elastic-service.yml]' via location 'file:/C:/Users/bless/AppData/Local/Temp/config-repo-8252566286101838244/'
2022-06-18 18:18:24 [http-nio-8888-exec-3] INFO  o.s.c.c.s.e.NativeEnvironmentRepository - Adding property source: Config resource 'file [C:\Users\bless\AppData\Local\Temp\config-repo-8252566286101838244\kafka-to-elastic-service.yml]' via location 'file:/C:/Users/bless/AppData/Local/Temp/config-repo-8252566286101838244/'
2022-06-18 18:29:32 [http-nio-8888-exec-5] INFO  o.s.c.c.s.e.NativeEnvironmentRepository - Adding property source: Config resource 'file [C:\Users\bless\AppData\Local\Temp\config-repo-8252566286101838244\kafka-to-elastic-service.yml]' via location 'file:/C:/Users/bless/AppData/Local/Temp/config-repo-8252566286101838244/'
2022-06-18 18:31:39 [http-nio-8888-exec-9] INFO  o.s.c.c.s.e.NativeEnvironmentRepository - Adding property source: Config resource 'file [C:\Users\bless\AppData\Local\Temp\config-repo-8252566286101838244\kafka-to-elastic-service.yml]' via location 'file:/C:/Users/bless/AppData/Local/Temp/config-repo-8252566286101838244/'
2022-06-18 18:32:49 [http-nio-8888-exec-7] INFO  o.s.c.c.s.e.NativeEnvironmentRepository - Adding property source: Config resource 'file [C:\Users\bless\AppData\Local\Temp\config-repo-8252566286101838244\kafka-to-elastic-service.yml]' via location 'file:/C:/Users/bless/AppData/Local/Temp/config-repo-8252566286101838244/'
2022-06-18 18:39:07 [http-nio-8888-exec-1] INFO  o.s.c.c.s.e.NativeEnvironmentRepository - Adding property source: Config resource 'file [C:\Users\bless\AppData\Local\Temp\config-repo-8252566286101838244\kafka-to-elastic-service.yml]' via location 'file:/C:/Users/bless/AppData/Local/Temp/config-repo-8252566286101838244/'
2022-06-18 18:41:33 [http-nio-8888-exec-3] INFO  o.s.c.c.s.e.NativeEnvironmentRepository - Adding property source: Config resource 'file [C:\Users\bless\AppData\Local\Temp\config-repo-8252566286101838244\kafka-to-elastic-service.yml]' via location 'file:/C:/Users/bless/AppData/Local/Temp/config-repo-8252566286101838244/'
2022-06-18 18:42:51 [Thread-3] WARN  o.s.c.c.s.e.MultipleJGitEnvironmentRepository - Failed to delete temporary directory on exit: java.nio.file.AccessDeniedException: C:\Users\bless\AppData\Local\Temp\config-repo-8252566286101838244\.git\objects\pack\pack-9892d6e75edd8b0e8387e164cf94a899009ee52d.idx
2022-06-18 19:35:08 [main] INFO  c.e.m.config.server.ConfigServer - Starting ConfigServer using Java 18.0.1.1 on AMasterPiece with PID 22700 (D:\spring\Projects\Event-Driven-Microservices\event-driven-microservices\config-server\target\classes started by bless in D:\spring\Projects\Event-Driven-Microservices\event-driven-microservices)
2022-06-18 19:35:08 [main] INFO  c.e.m.config.server.ConfigServer - No active profile set, falling back to 1 default profile: "default"
2022-06-18 19:35:08 [background-preinit] INFO  o.h.validator.internal.util.Version - HV000001: Hibernate Validator 6.2.3.Final
2022-06-18 19:35:13 [main] INFO  o.s.cloud.context.scope.GenericScope - BeanFactory id=d6fa766b-4bad-3b19-9efb-bad6959c38ba
2022-06-18 19:35:14 [main] INFO  o.s.b.w.e.tomcat.TomcatWebServer - Tomcat initialized with port(s): 8888 (http)
2022-06-18 19:35:14 [main] INFO  o.a.coyote.http11.Http11NioProtocol - Initializing ProtocolHandler ["http-nio-8888"]
2022-06-18 19:35:14 [main] INFO  o.a.catalina.core.StandardService - Starting service [Tomcat]
2022-06-18 19:35:14 [main] INFO  o.a.catalina.core.StandardEngine - Starting Servlet engine: [Apache Tomcat/9.0.63]
2022-06-18 19:35:14 [main] INFO  o.a.c.c.C.[Tomcat].[localhost].[/] - Initializing Spring embedded WebApplicationContext
2022-06-18 19:35:14 [main] INFO  o.s.b.w.s.c.ServletWebServerApplicationContext - Root WebApplicationContext: initialization completed in 5781 ms
2022-06-18 19:35:15 [main] INFO  o.s.s.web.DefaultSecurityFilterChain - Will secure Ant [pattern='/decrypt/**'] with [org.springframework.security.web.session.DisableEncodeUrlFilter@4c5a2baf, org.springframework.security.web.context.request.async.WebAsyncManagerIntegrationFilter@1ec22831, org.springframework.security.web.context.SecurityContextPersistenceFilter@4b432e53, org.springframework.security.web.header.HeaderWriterFilter@6e31d989, org.springframework.security.web.csrf.CsrfFilter@f438904, org.springframework.security.web.authentication.logout.LogoutFilter@4087c7fc, org.springframework.security.web.savedrequest.RequestCacheAwareFilter@62f11ebb, org.springframework.security.web.servletapi.SecurityContextHolderAwareRequestFilter@1290ed28, org.springframework.security.web.authentication.AnonymousAuthenticationFilter@63f855b, org.springframework.security.web.session.SessionManagementFilter@20580d4e, org.springframework.security.web.access.ExceptionTranslationFilter@3fa21d49]
2022-06-18 19:35:17 [main] INFO  o.a.coyote.http11.Http11NioProtocol - Starting ProtocolHandler ["http-nio-8888"]
2022-06-18 19:35:17 [main] INFO  o.s.b.w.e.tomcat.TomcatWebServer - Tomcat started on port(s): 8888 (http) with context path ''
2022-06-18 19:35:18 [main] INFO  c.e.m.config.server.ConfigServer - Started ConfigServer in 11.525 seconds (JVM running for 12.959)
2022-06-18 19:40:08 [http-nio-8888-exec-1] INFO  o.a.c.c.C.[Tomcat].[localhost].[/] - Initializing Spring DispatcherServlet 'dispatcherServlet'
2022-06-18 19:40:08 [http-nio-8888-exec-1] INFO  o.s.web.servlet.DispatcherServlet - Initializing Servlet 'dispatcherServlet'
2022-06-18 19:40:08 [http-nio-8888-exec-1] INFO  o.s.web.servlet.DispatcherServlet - Completed initialization in 73 ms
2022-06-18 19:40:19 [http-nio-8888-exec-1] INFO  o.s.c.c.s.e.NativeEnvironmentRepository - Adding property source: Config resource 'file [C:\Users\bless\AppData\Local\Temp\config-repo-14110613267076501943\kafka-to-elastic-service.yml]' via location 'file:/C:/Users/bless/AppData/Local/Temp/config-repo-14110613267076501943/'
2022-06-18 20:08:15 [http-nio-8888-exec-3] INFO  o.s.c.c.s.e.NativeEnvironmentRepository - Adding property source: Config resource 'file [C:\Users\bless\AppData\Local\Temp\config-repo-14110613267076501943\kafka-to-elastic-service.yml]' via location 'file:/C:/Users/bless/AppData/Local/Temp/config-repo-14110613267076501943/'
2022-06-18 20:09:44 [http-nio-8888-exec-5] INFO  o.s.c.c.s.e.NativeEnvironmentRepository - Adding property source: Config resource 'file [C:\Users\bless\AppData\Local\Temp\config-repo-14110613267076501943\kafka-to-elastic-service.yml]' via location 'file:/C:/Users/bless/AppData/Local/Temp/config-repo-14110613267076501943/'
2022-06-18 20:15:26 [http-nio-8888-exec-7] INFO  o.s.c.c.s.e.NativeEnvironmentRepository - Adding property source: Config resource 'file [C:\Users\bless\AppData\Local\Temp\config-repo-14110613267076501943\kafka-to-elastic-service.yml]' via location 'file:/C:/Users/bless/AppData/Local/Temp/config-repo-14110613267076501943/'
2022-06-18 20:20:03 [http-nio-8888-exec-9] WARN  o.s.c.c.s.e.MultipleJGitEnvironmentRepository - Could not fetch remote for main remote: https://github.com/blessedeffulgence/spring-cloud-config-server-repository
2022-06-18 20:20:03 [http-nio-8888-exec-9] INFO  o.s.c.c.s.e.NativeEnvironmentRepository - Adding property source: Config resource 'file [C:\Users\bless\AppData\Local\Temp\config-repo-14110613267076501943\kafka-to-elastic-service.yml]' via location 'file:/C:/Users/bless/AppData/Local/Temp/config-repo-14110613267076501943/'
2022-06-18 20:21:41 [http-nio-8888-exec-1] INFO  o.s.c.c.s.e.NativeEnvironmentRepository - Adding property source: Config resource 'file [C:\Users\bless\AppData\Local\Temp\config-repo-14110613267076501943\kafka-to-elastic-service.yml]' via location 'file:/C:/Users/bless/AppData/Local/Temp/config-repo-14110613267076501943/'
2022-06-18 20:23:05 [http-nio-8888-exec-3] INFO  o.s.c.c.s.e.NativeEnvironmentRepository - Adding property source: Config resource 'file [C:\Users\bless\AppData\Local\Temp\config-repo-14110613267076501943\kafka-to-elastic-service.yml]' via location 'file:/C:/Users/bless/AppData/Local/Temp/config-repo-14110613267076501943/'
2022-06-18 20:25:42 [http-nio-8888-exec-5] INFO  o.s.c.c.s.e.NativeEnvironmentRepository - Adding property source: Config resource 'file [C:\Users\bless\AppData\Local\Temp\config-repo-14110613267076501943\kafka-to-elastic-service.yml]' via location 'file:/C:/Users/bless/AppData/Local/Temp/config-repo-14110613267076501943/'
2022-06-18 20:31:49 [http-nio-8888-exec-7] INFO  o.s.c.c.s.e.NativeEnvironmentRepository - Adding property source: Config resource 'file [C:\Users\bless\AppData\Local\Temp\config-repo-14110613267076501943\kafka-to-elastic-service.yml]' via location 'file:/C:/Users/bless/AppData/Local/Temp/config-repo-14110613267076501943/'
2022-06-18 20:35:32 [http-nio-8888-exec-9] INFO  o.s.c.c.s.e.NativeEnvironmentRepository - Adding property source: Config resource 'file [C:\Users\bless\AppData\Local\Temp\config-repo-14110613267076501943\kafka-to-elastic-service.yml]' via location 'file:/C:/Users/bless/AppData/Local/Temp/config-repo-14110613267076501943/'
2022-06-18 20:40:07 [http-nio-8888-exec-1] INFO  o.s.c.c.s.e.NativeEnvironmentRepository - Adding property source: Config resource 'file [C:\Users\bless\AppData\Local\Temp\config-repo-14110613267076501943\kafka-to-elastic-service.yml]' via location 'file:/C:/Users/bless/AppData/Local/Temp/config-repo-14110613267076501943/'
2022-06-18 20:45:08 [http-nio-8888-exec-3] INFO  o.s.c.c.s.e.NativeEnvironmentRepository - Adding property source: Config resource 'file [C:\Users\bless\AppData\Local\Temp\config-repo-14110613267076501943\twitter-to-kafka-service.yml]' via location 'file:/C:/Users/bless/AppData/Local/Temp/config-repo-14110613267076501943/'
2022-06-18 20:51:30 [Thread-3] WARN  o.s.c.c.s.e.MultipleJGitEnvironmentRepository - Failed to delete temporary directory on exit: java.nio.file.AccessDeniedException: C:\Users\bless\AppData\Local\Temp\config-repo-14110613267076501943\.git\objects\pack\pack-9892d6e75edd8b0e8387e164cf94a899009ee52d.idx
2022-06-18 20:52:13 [background-preinit] INFO  o.h.validator.internal.util.Version - HV000001: Hibernate Validator 6.2.3.Final
2022-06-18 20:52:13 [main] INFO  c.e.m.config.server.ConfigServer - Starting ConfigServer using Java 18.0.1.1 on AMasterPiece with PID 1940 (D:\spring\Projects\Event-Driven-Microservices\event-driven-microservices\config-server\target\classes started by bless in D:\spring\Projects\Event-Driven-Microservices\event-driven-microservices)
2022-06-18 20:52:13 [main] INFO  c.e.m.config.server.ConfigServer - No active profile set, falling back to 1 default profile: "default"
2022-06-18 20:52:16 [main] INFO  o.s.cloud.context.scope.GenericScope - BeanFactory id=d6fa766b-4bad-3b19-9efb-bad6959c38ba
2022-06-18 20:52:18 [main] INFO  o.s.b.w.e.tomcat.TomcatWebServer - Tomcat initialized with port(s): 8888 (http)
2022-06-18 20:52:18 [main] INFO  o.a.coyote.http11.Http11NioProtocol - Initializing ProtocolHandler ["http-nio-8888"]
2022-06-18 20:52:18 [main] INFO  o.a.catalina.core.StandardService - Starting service [Tomcat]
2022-06-18 20:52:18 [main] INFO  o.a.catalina.core.StandardEngine - Starting Servlet engine: [Apache Tomcat/9.0.63]
2022-06-18 20:52:18 [main] INFO  o.a.c.c.C.[Tomcat].[localhost].[/] - Initializing Spring embedded WebApplicationContext
2022-06-18 20:52:18 [main] INFO  o.s.b.w.s.c.ServletWebServerApplicationContext - Root WebApplicationContext: initialization completed in 5270 ms
2022-06-18 20:52:19 [main] INFO  o.s.s.web.DefaultSecurityFilterChain - Will secure Ant [pattern='/decrypt/**'] with [org.springframework.security.web.session.DisableEncodeUrlFilter@39c85c1a, org.springframework.security.web.context.request.async.WebAsyncManagerIntegrationFilter@2b148329, org.springframework.security.web.context.SecurityContextPersistenceFilter@3cd26422, org.springframework.security.web.header.HeaderWriterFilter@22ad1bae, org.springframework.security.web.csrf.CsrfFilter@3596b249, org.springframework.security.web.authentication.logout.LogoutFilter@c689973, org.springframework.security.web.savedrequest.RequestCacheAwareFilter@3fa21d49, org.springframework.security.web.servletapi.SecurityContextHolderAwareRequestFilter@2ed71727, org.springframework.security.web.authentication.AnonymousAuthenticationFilter@62c72501, org.springframework.security.web.session.SessionManagementFilter@32118208, org.springframework.security.web.access.ExceptionTranslationFilter@18d003cd]
2022-06-18 20:52:22 [main] INFO  o.a.coyote.http11.Http11NioProtocol - Starting ProtocolHandler ["http-nio-8888"]
2022-06-18 20:52:22 [main] INFO  o.s.b.w.e.tomcat.TomcatWebServer - Tomcat started on port(s): 8888 (http) with context path ''
2022-06-18 20:52:23 [main] INFO  c.e.m.config.server.ConfigServer - Started ConfigServer in 12.435 seconds (JVM running for 14.323)
2022-06-18 20:53:40 [http-nio-8888-exec-1] INFO  o.a.c.c.C.[Tomcat].[localhost].[/] - Initializing Spring DispatcherServlet 'dispatcherServlet'
2022-06-18 20:53:40 [http-nio-8888-exec-1] INFO  o.s.web.servlet.DispatcherServlet - Initializing Servlet 'dispatcherServlet'
2022-06-18 20:53:40 [http-nio-8888-exec-1] INFO  o.s.web.servlet.DispatcherServlet - Completed initialization in 35 ms
2022-06-18 20:53:40 [http-nio-8888-exec-1] WARN  o.s.w.s.m.s.DefaultHandlerExceptionResolver - Resolved [org.springframework.web.HttpRequestMethodNotSupportedException: Request method 'GET' not supported]
2022-06-18 20:54:34 [http-nio-8888-exec-1] INFO  o.s.c.c.s.e.NativeEnvironmentRepository - Adding property source: Config resource 'file [C:\Users\bless\AppData\Local\Temp\config-repo-17643866196282144838\kafka-to-elastic-service.yml]' via location 'file:/C:/Users/bless/AppData/Local/Temp/config-repo-17643866196282144838/'
2022-06-18 20:55:19 [http-nio-8888-exec-2] INFO  o.s.c.c.s.e.NativeEnvironmentRepository - Adding property source: Config resource 'file [C:\Users\bless\AppData\Local\Temp\config-repo-17643866196282144838\twitter-to-kafka-service.yml]' via location 'file:/C:/Users/bless/AppData/Local/Temp/config-repo-17643866196282144838/'
2022-06-18 21:14:11 [Thread-3] WARN  o.s.c.c.s.e.MultipleJGitEnvironmentRepository - Failed to delete temporary directory on exit: java.nio.file.AccessDeniedException: C:\Users\bless\AppData\Local\Temp\config-repo-17643866196282144838\.git\objects\pack\pack-9892d6e75edd8b0e8387e164cf94a899009ee52d.idx
