2022-06-21 14:12:05 [main] INFO  c.e.m.config.server.ConfigServer - Starting ConfigServer using Java 18.0.1.1 on AMasterPiece with PID 15064 (D:\spring\Projects\Event-Driven-Microservices\event-driven-microservices\config-server\target\classes started by bless in D:\spring\Projects\Event-Driven-Microservices\event-driven-microservices)
2022-06-21 14:12:05 [main] INFO  c.e.m.config.server.ConfigServer - No active profile set, falling back to 1 default profile: "default"
2022-06-21 14:12:05 [background-preinit] INFO  o.h.validator.internal.util.Version - HV000001: Hibernate Validator 6.2.3.Final
2022-06-21 14:12:08 [main] INFO  o.s.cloud.context.scope.GenericScope - BeanFactory id=d6fa766b-4bad-3b19-9efb-bad6959c38ba
2022-06-21 14:12:10 [main] INFO  o.s.b.w.e.tomcat.TomcatWebServer - Tomcat initialized with port(s): 8888 (http)
2022-06-21 14:12:10 [main] INFO  o.a.coyote.http11.Http11NioProtocol - Initializing ProtocolHandler ["http-nio-8888"]
2022-06-21 14:12:10 [main] INFO  o.a.catalina.core.StandardService - Starting service [Tomcat]
2022-06-21 14:12:10 [main] INFO  o.a.catalina.core.StandardEngine - Starting Servlet engine: [Apache Tomcat/9.0.63]
2022-06-21 14:12:10 [main] INFO  o.a.c.c.C.[Tomcat].[localhost].[/] - Initializing Spring embedded WebApplicationContext
2022-06-21 14:12:10 [main] INFO  o.s.b.w.s.c.ServletWebServerApplicationContext - Root WebApplicationContext: initialization completed in 5274 ms
2022-06-21 14:12:11 [main] INFO  o.s.s.web.DefaultSecurityFilterChain - Will secure Ant [pattern='/decrypt/**'] with [org.springframework.security.web.session.DisableEncodeUrlFilter@64da6cbd, org.springframework.security.web.context.request.async.WebAsyncManagerIntegrationFilter@72a2312e, org.springframework.security.web.context.SecurityContextPersistenceFilter@58a2d9f9, org.springframework.security.web.header.HeaderWriterFilter@de81be1, org.springframework.security.web.csrf.CsrfFilter@3520963d, org.springframework.security.web.authentication.logout.LogoutFilter@1b01a0d, org.springframework.security.web.savedrequest.RequestCacheAwareFilter@1d02af26, org.springframework.security.web.servletapi.SecurityContextHolderAwareRequestFilter@5ad1904f, org.springframework.security.web.authentication.AnonymousAuthenticationFilter@47c7a9e5, org.springframework.security.web.session.SessionManagementFilter@4e224df5, org.springframework.security.web.access.ExceptionTranslationFilter@2e7bf7b7]
2022-06-21 14:12:14 [main] INFO  o.a.coyote.http11.Http11NioProtocol - Starting ProtocolHandler ["http-nio-8888"]
2022-06-21 14:12:14 [main] INFO  o.s.b.w.e.tomcat.TomcatWebServer - Tomcat started on port(s): 8888 (http) with context path ''
2022-06-21 14:12:14 [main] INFO  c.e.m.config.server.ConfigServer - Started ConfigServer in 12.131 seconds (JVM running for 14.075)
2022-06-21 14:12:46 [http-nio-8888-exec-1] INFO  o.a.c.c.C.[Tomcat].[localhost].[/] - Initializing Spring DispatcherServlet 'dispatcherServlet'
2022-06-21 14:12:46 [http-nio-8888-exec-1] INFO  o.s.web.servlet.DispatcherServlet - Initializing Servlet 'dispatcherServlet'
2022-06-21 14:12:46 [http-nio-8888-exec-1] INFO  o.s.web.servlet.DispatcherServlet - Completed initialization in 3 ms
2022-06-21 14:12:55 [http-nio-8888-exec-1] INFO  o.s.c.c.s.e.NativeEnvironmentRepository - Adding property source: Config resource 'file [C:\Users\bless\AppData\Local\Temp\config-repo-16997438567465151872\twitter-to-kafka-service.yml]' via location 'file:/C:/Users/bless/AppData/Local/Temp/config-repo-16997438567465151872/'
2022-06-21 14:14:13 [http-nio-8888-exec-4] INFO  o.s.c.c.s.e.NativeEnvironmentRepository - Adding property source: Config resource 'file [C:\Users\bless\AppData\Local\Temp\config-repo-16997438567465151872\twitter-to-kafka-service.yml]' via location 'file:/C:/Users/bless/AppData/Local/Temp/config-repo-16997438567465151872/'
2022-06-21 14:15:23 [http-nio-8888-exec-5] INFO  o.s.c.c.s.e.NativeEnvironmentRepository - Adding property source: Config resource 'file [C:\Users\bless\AppData\Local\Temp\config-repo-16997438567465151872\twitter-to-kafka-service.yml]' via location 'file:/C:/Users/bless/AppData/Local/Temp/config-repo-16997438567465151872/'
2022-06-21 14:18:09 [http-nio-8888-exec-7] INFO  o.s.c.c.s.e.NativeEnvironmentRepository - Adding property source: Config resource 'file [C:\Users\bless\AppData\Local\Temp\config-repo-16997438567465151872\twitter-to-kafka-service.yml]' via location 'file:/C:/Users/bless/AppData/Local/Temp/config-repo-16997438567465151872/'
2022-06-21 14:23:41 [http-nio-8888-exec-9] INFO  o.s.c.c.s.e.NativeEnvironmentRepository - Adding property source: Config resource 'file [C:\Users\bless\AppData\Local\Temp\config-repo-16997438567465151872\twitter-to-kafka-service.yml]' via location 'file:/C:/Users/bless/AppData/Local/Temp/config-repo-16997438567465151872/'
2022-06-21 14:25:49 [http-nio-8888-exec-1] INFO  o.s.c.c.s.e.NativeEnvironmentRepository - Adding property source: Config resource 'file [C:\Users\bless\AppData\Local\Temp\config-repo-16997438567465151872\twitter-to-kafka-service.yml]' via location 'file:/C:/Users/bless/AppData/Local/Temp/config-repo-16997438567465151872/'
2022-06-21 14:28:15 [http-nio-8888-exec-4] INFO  o.s.c.c.s.e.NativeEnvironmentRepository - Adding property source: Config resource 'file [C:\Users\bless\AppData\Local\Temp\config-repo-16997438567465151872\kafka-to-elastic-service.yml]' via location 'file:/C:/Users/bless/AppData/Local/Temp/config-repo-16997438567465151872/'
2022-06-21 14:29:10 [Thread-3] WARN  o.s.c.c.s.e.MultipleJGitEnvironmentRepository - Failed to delete temporary directory on exit: java.nio.file.AccessDeniedException: C:\Users\bless\AppData\Local\Temp\config-repo-16997438567465151872\.git\objects\pack\pack-9892d6e75edd8b0e8387e164cf94a899009ee52d.idx
2022-06-21 16:56:54 [main] INFO  c.e.m.config.server.ConfigServer - Starting ConfigServer using Java 18.0.1.1 on AMasterPiece with PID 18848 (D:\spring\Projects\Event-Driven-Microservices\event-driven-microservices\config-server\target\classes started by bless in D:\spring\Projects\Event-Driven-Microservices\event-driven-microservices)
2022-06-21 16:56:54 [main] INFO  c.e.m.config.server.ConfigServer - No active profile set, falling back to 1 default profile: "default"
2022-06-21 16:56:55 [background-preinit] INFO  o.h.validator.internal.util.Version - HV000001: Hibernate Validator 6.2.3.Final
2022-06-21 16:56:57 [main] INFO  o.s.cloud.context.scope.GenericScope - BeanFactory id=d6fa766b-4bad-3b19-9efb-bad6959c38ba
2022-06-21 16:56:58 [main] INFO  o.s.b.w.e.tomcat.TomcatWebServer - Tomcat initialized with port(s): 8888 (http)
2022-06-21 16:56:58 [main] INFO  o.a.coyote.http11.Http11NioProtocol - Initializing ProtocolHandler ["http-nio-8888"]
2022-06-21 16:56:58 [main] INFO  o.a.catalina.core.StandardService - Starting service [Tomcat]
2022-06-21 16:56:58 [main] INFO  o.a.catalina.core.StandardEngine - Starting Servlet engine: [Apache Tomcat/9.0.63]
2022-06-21 16:56:58 [main] INFO  o.a.c.c.C.[Tomcat].[localhost].[/] - Initializing Spring embedded WebApplicationContext
2022-06-21 16:56:58 [main] INFO  o.s.b.w.s.c.ServletWebServerApplicationContext - Root WebApplicationContext: initialization completed in 3289 ms
2022-06-21 16:56:58 [main] INFO  o.s.s.web.DefaultSecurityFilterChain - Will secure Ant [pattern='/decrypt/**'] with [org.springframework.security.web.session.DisableEncodeUrlFilter@76536c53, org.springframework.security.web.context.request.async.WebAsyncManagerIntegrationFilter@38d08cb5, org.springframework.security.web.context.SecurityContextPersistenceFilter@4091b9c3, org.springframework.security.web.header.HeaderWriterFilter@2d119405, org.springframework.security.web.csrf.CsrfFilter@22bdb1d0, org.springframework.security.web.authentication.logout.LogoutFilter@399ca607, org.springframework.security.web.savedrequest.RequestCacheAwareFilter@3610f277, org.springframework.security.web.servletapi.SecurityContextHolderAwareRequestFilter@71a3e05c, org.springframework.security.web.authentication.AnonymousAuthenticationFilter@363c32cc, org.springframework.security.web.session.SessionManagementFilter@7a3269f5, org.springframework.security.web.access.ExceptionTranslationFilter@7951c3a2]
2022-06-21 16:57:00 [main] INFO  o.a.coyote.http11.Http11NioProtocol - Starting ProtocolHandler ["http-nio-8888"]
2022-06-21 16:57:00 [main] INFO  o.s.b.w.e.tomcat.TomcatWebServer - Tomcat started on port(s): 8888 (http) with context path ''
2022-06-21 16:57:01 [main] INFO  c.e.m.config.server.ConfigServer - Started ConfigServer in 7.926 seconds (JVM running for 9.151)
2022-06-21 16:57:52 [http-nio-8888-exec-2] INFO  o.a.c.c.C.[Tomcat].[localhost].[/] - Initializing Spring DispatcherServlet 'dispatcherServlet'
2022-06-21 16:57:52 [http-nio-8888-exec-2] INFO  o.s.web.servlet.DispatcherServlet - Initializing Servlet 'dispatcherServlet'
2022-06-21 16:57:52 [http-nio-8888-exec-2] INFO  o.s.web.servlet.DispatcherServlet - Completed initialization in 68 ms
2022-06-21 16:57:59 [http-nio-8888-exec-2] INFO  o.s.c.c.s.e.NativeEnvironmentRepository - Adding property source: Config resource 'file [C:\Users\bless\AppData\Local\Temp\config-repo-13617945871466573491\twitter-to-kafka-service.yml]' via location 'file:/C:/Users/bless/AppData/Local/Temp/config-repo-13617945871466573491/'
2022-06-21 16:59:22 [http-nio-8888-exec-6] INFO  o.s.c.c.s.e.NativeEnvironmentRepository - Adding property source: Config resource 'file [C:\Users\bless\AppData\Local\Temp\config-repo-13617945871466573491\twitter-to-kafka-service.yml]' via location 'file:/C:/Users/bless/AppData/Local/Temp/config-repo-13617945871466573491/'
2022-06-21 17:01:36 [http-nio-8888-exec-3] INFO  o.s.c.c.s.e.NativeEnvironmentRepository - Adding property source: Config resource 'file [C:\Users\bless\AppData\Local\Temp\config-repo-13617945871466573491\kafka-to-elastic-service.yml]' via location 'file:/C:/Users/bless/AppData/Local/Temp/config-repo-13617945871466573491/'
2022-06-21 17:06:48 [http-nio-8888-exec-10] INFO  o.s.c.c.s.e.NativeEnvironmentRepository - Adding property source: Config resource 'file [C:\Users\bless\AppData\Local\Temp\config-repo-13617945871466573491\kafka-to-elastic-service.yml]' via location 'file:/C:/Users/bless/AppData/Local/Temp/config-repo-13617945871466573491/'
2022-06-21 17:09:07 [http-nio-8888-exec-7] INFO  o.s.c.c.s.e.NativeEnvironmentRepository - Adding property source: Config resource 'file [C:\Users\bless\AppData\Local\Temp\config-repo-13617945871466573491\kafka-to-elastic-service.yml]' via location 'file:/C:/Users/bless/AppData/Local/Temp/config-repo-13617945871466573491/'
2022-06-21 17:13:16 [http-nio-8888-exec-2] INFO  o.s.c.c.s.e.NativeEnvironmentRepository - Adding property source: Config resource 'file [C:\Users\bless\AppData\Local\Temp\config-repo-13617945871466573491\kafka-to-elastic-service.yml]' via location 'file:/C:/Users/bless/AppData/Local/Temp/config-repo-13617945871466573491/'
2022-06-21 17:16:16 [http-nio-8888-exec-6] INFO  o.s.c.c.s.e.NativeEnvironmentRepository - Adding property source: Config resource 'file [C:\Users\bless\AppData\Local\Temp\config-repo-13617945871466573491\kafka-to-elastic-service.yml]' via location 'file:/C:/Users/bless/AppData/Local/Temp/config-repo-13617945871466573491/'
2022-06-21 17:19:54 [http-nio-8888-exec-3] INFO  o.s.c.c.s.e.NativeEnvironmentRepository - Adding property source: Config resource 'file [C:\Users\bless\AppData\Local\Temp\config-repo-13617945871466573491\kafka-to-elastic-service.yml]' via location 'file:/C:/Users/bless/AppData/Local/Temp/config-repo-13617945871466573491/'
2022-06-21 17:21:49 [http-nio-8888-exec-10] INFO  o.s.c.c.s.e.NativeEnvironmentRepository - Adding property source: Config resource 'file [C:\Users\bless\AppData\Local\Temp\config-repo-13617945871466573491\kafka-to-elastic-service.yml]' via location 'file:/C:/Users/bless/AppData/Local/Temp/config-repo-13617945871466573491/'
2022-06-21 17:25:33 [http-nio-8888-exec-7] INFO  o.s.c.c.s.e.NativeEnvironmentRepository - Adding property source: Config resource 'file [C:\Users\bless\AppData\Local\Temp\config-repo-13617945871466573491\kafka-to-elastic-service.yml]' via location 'file:/C:/Users/bless/AppData/Local/Temp/config-repo-13617945871466573491/'
2022-06-21 17:27:28 [http-nio-8888-exec-2] INFO  o.s.c.c.s.e.NativeEnvironmentRepository - Adding property source: Config resource 'file [C:\Users\bless\AppData\Local\Temp\config-repo-13617945871466573491\kafka-to-elastic-service.yml]' via location 'file:/C:/Users/bless/AppData/Local/Temp/config-repo-13617945871466573491/'
2022-06-21 17:31:39 [Thread-3] WARN  o.s.c.c.s.e.MultipleJGitEnvironmentRepository - Failed to delete temporary directory on exit: java.nio.file.AccessDeniedException: C:\Users\bless\AppData\Local\Temp\config-repo-13617945871466573491\.git\objects\pack\pack-9892d6e75edd8b0e8387e164cf94a899009ee52d.idx
