2022-06-17 07:58:37 [background-preinit] INFO  o.h.validator.internal.util.Version - HV000001: Hibernate Validator 6.2.3.Final
2022-06-17 07:58:38 [main] INFO  c.e.m.config.server.ConfigServer - Starting ConfigServer using Java 18.0.1.1 on AMasterPiece with PID 6692 (D:\spring\Projects\Event-Driven-Microservices\event-driven-microservices\config-server\target\classes started by bless in D:\spring\Projects\Event-Driven-Microservices\event-driven-microservices)
2022-06-17 07:58:38 [main] INFO  c.e.m.config.server.ConfigServer - No active profile set, falling back to 1 default profile: "default"
2022-06-17 07:58:41 [main] INFO  o.s.cloud.context.scope.GenericScope - BeanFactory id=d6fa766b-4bad-3b19-9efb-bad6959c38ba
2022-06-17 07:58:42 [main] INFO  o.s.b.w.e.tomcat.TomcatWebServer - Tomcat initialized with port(s): 8888 (http)
2022-06-17 07:58:42 [main] INFO  o.a.coyote.http11.Http11NioProtocol - Initializing ProtocolHandler ["http-nio-8888"]
2022-06-17 07:58:42 [main] INFO  o.a.catalina.core.StandardService - Starting service [Tomcat]
2022-06-17 07:58:42 [main] INFO  o.a.catalina.core.StandardEngine - Starting Servlet engine: [Apache Tomcat/9.0.63]
2022-06-17 07:58:42 [main] INFO  o.a.c.c.C.[Tomcat].[localhost].[/] - Initializing Spring embedded WebApplicationContext
2022-06-17 07:58:42 [main] INFO  o.s.b.w.s.c.ServletWebServerApplicationContext - Root WebApplicationContext: initialization completed in 4346 ms
2022-06-17 07:58:43 [main] INFO  o.s.s.web.DefaultSecurityFilterChain - Will secure Ant [pattern='/decrypt/**'] with [org.springframework.security.web.session.DisableEncodeUrlFilter@4570d7b6, org.springframework.security.web.context.request.async.WebAsyncManagerIntegrationFilter@72b6832e, org.springframework.security.web.context.SecurityContextPersistenceFilter@65bb6275, org.springframework.security.web.header.HeaderWriterFilter@388623ad, org.springframework.security.web.csrf.CsrfFilter@4e224df5, org.springframework.security.web.authentication.logout.LogoutFilter@77db3d02, org.springframework.security.web.savedrequest.RequestCacheAwareFilter@72a2312e, org.springframework.security.web.servletapi.SecurityContextHolderAwareRequestFilter@2d119405, org.springframework.security.web.authentication.AnonymousAuthenticationFilter@3850e90c, org.springframework.security.web.session.SessionManagementFilter@1b01a0d, org.springframework.security.web.access.ExceptionTranslationFilter@22bdb1d0]
2022-06-17 07:58:45 [main] INFO  o.a.coyote.http11.Http11NioProtocol - Starting ProtocolHandler ["http-nio-8888"]
2022-06-17 07:58:45 [main] INFO  o.s.b.w.e.tomcat.TomcatWebServer - Tomcat started on port(s): 8888 (http) with context path ''
2022-06-17 07:58:46 [main] INFO  c.e.m.config.server.ConfigServer - Started ConfigServer in 10.725 seconds (JVM running for 12.017)
2022-06-17 07:59:12 [http-nio-8888-exec-3] INFO  o.a.c.c.C.[Tomcat].[localhost].[/] - Initializing Spring DispatcherServlet 'dispatcherServlet'
2022-06-17 07:59:12 [http-nio-8888-exec-3] INFO  o.s.web.servlet.DispatcherServlet - Initializing Servlet 'dispatcherServlet'
2022-06-17 07:59:12 [http-nio-8888-exec-3] INFO  o.s.web.servlet.DispatcherServlet - Completed initialization in 3 ms
2022-06-17 07:59:14 [http-nio-8888-exec-3] WARN  o.s.c.c.s.e.HttpClientConfigurableHttpConnectionFactory - No custom http config found for URL: https://github.com/blessedeffulgence/spring-cloud-config-server-repository.git/info/refs?service=git-upload-pack
2022-06-17 07:59:23 [http-nio-8888-exec-3] WARN  o.s.c.c.s.e.MultipleJGitEnvironmentRepository - Could not fetch remote for main remote: https://github.com/blessedeffulgence/spring-cloud-config-server-repository.git
2022-06-17 07:59:23 [http-nio-8888-exec-3] INFO  o.s.c.c.s.e.NativeEnvironmentRepository - Adding property source: Config resource 'file [D:\spring\Projects\Event-Driven-Microservices\event-driven-microservices\config-server-respository\twitter-to-kafka-service.yml]' via location 'file:/D:/spring/Projects/Event-Driven-Microservices/event-driven-microservices/config-server-respository/'
2022-06-17 08:09:19 [http-nio-8888-exec-1] WARN  o.s.c.c.s.e.HttpClientConfigurableHttpConnectionFactory - No custom http config found for URL: https://github.com/blessedeffulgence/spring-cloud-config-server-repository.git/info/refs?service=git-upload-pack
2022-06-17 08:09:27 [http-nio-8888-exec-1] WARN  o.s.c.c.s.e.MultipleJGitEnvironmentRepository - Could not fetch remote for main remote: https://github.com/blessedeffulgence/spring-cloud-config-server-repository.git
2022-06-17 08:09:27 [http-nio-8888-exec-1] INFO  o.s.c.c.s.e.NativeEnvironmentRepository - Adding property source: Config resource 'file [D:\spring\Projects\Event-Driven-Microservices\event-driven-microservices\config-server-respository\twitter-to-kafka-service.yml]' via location 'file:/D:/spring/Projects/Event-Driven-Microservices/event-driven-microservices/config-server-respository/'
2022-06-17 08:09:58 [http-nio-8888-exec-2] WARN  o.s.c.c.s.e.HttpClientConfigurableHttpConnectionFactory - No custom http config found for URL: https://github.com/blessedeffulgence/spring-cloud-config-server-repository.git/info/refs?service=git-upload-pack
2022-06-17 08:09:59 [http-nio-8888-exec-2] WARN  o.s.c.c.s.e.MultipleJGitEnvironmentRepository - Could not fetch remote for main remote: https://github.com/blessedeffulgence/spring-cloud-config-server-repository.git
2022-06-17 08:09:59 [http-nio-8888-exec-2] INFO  o.s.c.c.s.e.NativeEnvironmentRepository - Adding property source: Config resource 'file [D:\spring\Projects\Event-Driven-Microservices\event-driven-microservices\config-server-respository\kafka-to-elastic-service.yml]' via location 'file:/D:/spring/Projects/Event-Driven-Microservices/event-driven-microservices/config-server-respository/'
2022-06-17 08:11:20 [http-nio-8888-exec-9] WARN  o.s.c.c.s.e.HttpClientConfigurableHttpConnectionFactory - No custom http config found for URL: https://github.com/blessedeffulgence/spring-cloud-config-server-repository.git/info/refs?service=git-upload-pack
2022-06-17 08:11:20 [http-nio-8888-exec-9] WARN  o.s.c.c.s.e.MultipleJGitEnvironmentRepository - Could not fetch remote for main remote: https://github.com/blessedeffulgence/spring-cloud-config-server-repository.git
2022-06-17 08:11:20 [http-nio-8888-exec-9] INFO  o.s.c.c.s.e.NativeEnvironmentRepository - Adding property source: Config resource 'file [D:\spring\Projects\Event-Driven-Microservices\event-driven-microservices\config-server-respository\kafka-to-elastic-service.yml]' via location 'file:/D:/spring/Projects/Event-Driven-Microservices/event-driven-microservices/config-server-respository/'
2022-06-17 08:12:47 [http-nio-8888-exec-7] WARN  o.s.c.c.s.e.HttpClientConfigurableHttpConnectionFactory - No custom http config found for URL: https://github.com/blessedeffulgence/spring-cloud-config-server-repository.git/info/refs?service=git-upload-pack
2022-06-17 08:12:48 [http-nio-8888-exec-7] WARN  o.s.c.c.s.e.MultipleJGitEnvironmentRepository - Could not fetch remote for main remote: https://github.com/blessedeffulgence/spring-cloud-config-server-repository.git
2022-06-17 08:12:48 [http-nio-8888-exec-7] INFO  o.s.c.c.s.e.NativeEnvironmentRepository - Adding property source: Config resource 'file [D:\spring\Projects\Event-Driven-Microservices\event-driven-microservices\config-server-respository\kafka-to-elastic-service.yml]' via location 'file:/D:/spring/Projects/Event-Driven-Microservices/event-driven-microservices/config-server-respository/'
2022-06-17 08:14:05 [http-nio-8888-exec-3] WARN  o.s.c.c.s.e.HttpClientConfigurableHttpConnectionFactory - No custom http config found for URL: https://github.com/blessedeffulgence/spring-cloud-config-server-repository.git/info/refs?service=git-upload-pack
2022-06-17 08:14:16 [http-nio-8888-exec-3] WARN  o.s.c.c.s.e.MultipleJGitEnvironmentRepository - Could not fetch remote for main remote: https://github.com/blessedeffulgence/spring-cloud-config-server-repository.git
2022-06-17 08:14:16 [http-nio-8888-exec-3] INFO  o.s.c.c.s.e.NativeEnvironmentRepository - Adding property source: Config resource 'file [D:\spring\Projects\Event-Driven-Microservices\event-driven-microservices\config-server-respository\kafka-to-elastic-service.yml]' via location 'file:/D:/spring/Projects/Event-Driven-Microservices/event-driven-microservices/config-server-respository/'
2022-06-17 08:15:29 [http-nio-8888-exec-1] WARN  o.s.c.c.s.e.HttpClientConfigurableHttpConnectionFactory - No custom http config found for URL: https://github.com/blessedeffulgence/spring-cloud-config-server-repository.git/info/refs?service=git-upload-pack
2022-06-17 08:15:30 [http-nio-8888-exec-1] WARN  o.s.c.c.s.e.MultipleJGitEnvironmentRepository - Could not fetch remote for main remote: https://github.com/blessedeffulgence/spring-cloud-config-server-repository.git
2022-06-17 08:15:30 [http-nio-8888-exec-1] WARN  o.s.c.c.s.e.MultipleJGitEnvironmentRepository - The local repository is dirty or ahead of origin. Resetting it to origin/main.
2022-06-17 08:15:30 [http-nio-8888-exec-1] INFO  o.s.c.c.s.e.MultipleJGitEnvironmentRepository - Reset label main to version AnyObjectId[9fe622056d49d492960422e378b799d0612bf952]
2022-06-17 08:15:30 [http-nio-8888-exec-1] INFO  o.s.c.c.s.e.NativeEnvironmentRepository - Adding property source: Config resource 'file [D:\spring\Projects\Event-Driven-Microservices\event-driven-microservices\config-server-respository\kafka-to-elastic-service.yml]' via location 'file:/D:/spring/Projects/Event-Driven-Microservices/event-driven-microservices/config-server-respository/'
2022-06-17 08:25:54 [http-nio-8888-exec-5] INFO  o.s.c.c.s.e.MultipleJGitEnvironmentRepository - Cannot pull from remote https://github.com/blessedeffulgence/spring-cloud-config-server-repository.git, the working tree is not clean.
2022-06-17 08:25:54 [http-nio-8888-exec-5] WARN  o.s.c.c.s.e.MultipleJGitEnvironmentRepository - The local repository is dirty or ahead of origin. Resetting it to origin/main.
2022-06-17 08:25:54 [http-nio-8888-exec-5] INFO  o.s.c.c.s.e.MultipleJGitEnvironmentRepository - Reset label main to version AnyObjectId[9fe622056d49d492960422e378b799d0612bf952]
2022-06-17 08:25:54 [http-nio-8888-exec-5] INFO  o.s.c.c.s.e.NativeEnvironmentRepository - Adding property source: Config resource 'file [D:\spring\Projects\Event-Driven-Microservices\event-driven-microservices\config-server-respository\kafka-to-elastic-service.yml]' via location 'file:/D:/spring/Projects/Event-Driven-Microservices/event-driven-microservices/config-server-respository/'
2022-06-17 08:34:51 [main] INFO  c.e.m.config.server.ConfigServer - Starting ConfigServer using Java 18.0.1.1 on AMasterPiece with PID 11540 (D:\spring\Projects\Event-Driven-Microservices\event-driven-microservices\config-server\target\classes started by bless in D:\spring\Projects\Event-Driven-Microservices\event-driven-microservices)
2022-06-17 08:34:51 [background-preinit] INFO  o.h.validator.internal.util.Version - HV000001: Hibernate Validator 6.2.3.Final
2022-06-17 08:34:51 [main] INFO  c.e.m.config.server.ConfigServer - No active profile set, falling back to 1 default profile: "default"
2022-06-17 08:34:52 [main] INFO  o.s.cloud.context.scope.GenericScope - BeanFactory id=d6fa766b-4bad-3b19-9efb-bad6959c38ba
2022-06-17 08:34:53 [main] INFO  o.s.b.w.e.tomcat.TomcatWebServer - Tomcat initialized with port(s): 8888 (http)
2022-06-17 08:34:53 [main] INFO  o.a.coyote.http11.Http11NioProtocol - Initializing ProtocolHandler ["http-nio-8888"]
2022-06-17 08:34:53 [main] INFO  o.a.catalina.core.StandardService - Starting service [Tomcat]
2022-06-17 08:34:53 [main] INFO  o.a.catalina.core.StandardEngine - Starting Servlet engine: [Apache Tomcat/9.0.63]
2022-06-17 08:34:53 [main] INFO  o.a.c.c.C.[Tomcat].[localhost].[/] - Initializing Spring embedded WebApplicationContext
2022-06-17 08:34:53 [main] INFO  o.s.b.w.s.c.ServletWebServerApplicationContext - Root WebApplicationContext: initialization completed in 2057 ms
2022-06-17 08:34:53 [main] INFO  o.s.s.web.DefaultSecurityFilterChain - Will secure Ant [pattern='/decrypt/**'] with [org.springframework.security.web.session.DisableEncodeUrlFilter@7e91ed74, org.springframework.security.web.context.request.async.WebAsyncManagerIntegrationFilter@3878be7b, org.springframework.security.web.context.SecurityContextPersistenceFilter@7951c3a2, org.springframework.security.web.header.HeaderWriterFilter@32118208, org.springframework.security.web.csrf.CsrfFilter@4337afd, org.springframework.security.web.authentication.logout.LogoutFilter@4570d7b6, org.springframework.security.web.savedrequest.RequestCacheAwareFilter@2d119405, org.springframework.security.web.servletapi.SecurityContextHolderAwareRequestFilter@2d0b05, org.springframework.security.web.authentication.AnonymousAuthenticationFilter@7df28f1, org.springframework.security.web.session.SessionManagementFilter@64da6cbd, org.springframework.security.web.access.ExceptionTranslationFilter@46e3559f]
2022-06-17 08:34:54 [main] INFO  o.a.coyote.http11.Http11NioProtocol - Starting ProtocolHandler ["http-nio-8888"]
2022-06-17 08:34:54 [main] INFO  o.s.b.w.e.tomcat.TomcatWebServer - Tomcat started on port(s): 8888 (http) with context path ''
2022-06-17 08:34:54 [main] INFO  c.e.m.config.server.ConfigServer - Started ConfigServer in 4.338 seconds (JVM running for 5.112)
2022-06-17 08:35:15 [http-nio-8888-exec-2] INFO  o.a.c.c.C.[Tomcat].[localhost].[/] - Initializing Spring DispatcherServlet 'dispatcherServlet'
2022-06-17 08:35:15 [http-nio-8888-exec-2] INFO  o.s.web.servlet.DispatcherServlet - Initializing Servlet 'dispatcherServlet'
2022-06-17 08:35:15 [http-nio-8888-exec-2] INFO  o.s.web.servlet.DispatcherServlet - Completed initialization in 1 ms
2022-06-17 08:35:15 [http-nio-8888-exec-2] WARN  o.s.c.c.s.e.HttpClientConfigurableHttpConnectionFactory - No custom http config found for URL: https://github.com/blessedeffulgence/spring-cloud-config-server-repository.git/info/refs?service=git-upload-pack
2022-06-17 08:35:16 [http-nio-8888-exec-2] WARN  o.s.c.c.s.e.MultipleJGitEnvironmentRepository - Could not fetch remote for main remote: https://github.com/blessedeffulgence/spring-cloud-config-server-repository.git
2022-06-17 08:35:17 [http-nio-8888-exec-2] WARN  o.s.c.c.s.e.MultipleJGitEnvironmentRepository - The local repository is dirty or ahead of origin. Resetting it to origin/main.
2022-06-17 08:35:17 [http-nio-8888-exec-2] INFO  o.s.c.c.s.e.MultipleJGitEnvironmentRepository - Reset label main to version AnyObjectId[9fe622056d49d492960422e378b799d0612bf952]
2022-06-17 08:35:17 [http-nio-8888-exec-2] INFO  o.s.c.c.s.e.NativeEnvironmentRepository - Adding property source: Config resource 'file [D:\spring\Projects\Event-Driven-Microservices\event-driven-microservices\config-server-respository\twitter-to-kafka-service.yml]' via location 'file:/D:/spring/Projects/Event-Driven-Microservices/event-driven-microservices/config-server-respository/'
2022-06-17 08:36:59 [http-nio-8888-exec-4] WARN  o.s.c.c.s.e.HttpClientConfigurableHttpConnectionFactory - No custom http config found for URL: https://github.com/blessedeffulgence/spring-cloud-config-server-repository.git/info/refs?service=git-upload-pack
2022-06-17 08:37:10 [http-nio-8888-exec-4] WARN  o.s.c.c.s.e.MultipleJGitEnvironmentRepository - Could not fetch remote for main remote: https://github.com/blessedeffulgence/spring-cloud-config-server-repository.git
2022-06-17 08:37:10 [http-nio-8888-exec-4] INFO  o.s.c.c.s.e.NativeEnvironmentRepository - Adding property source: Config resource 'file [D:\spring\Projects\Event-Driven-Microservices\event-driven-microservices\config-server-respository\kafka-to-elastic-service.yml]' via location 'file:/D:/spring/Projects/Event-Driven-Microservices/event-driven-microservices/config-server-respository/'
2022-06-17 08:42:22 [background-preinit] INFO  o.h.validator.internal.util.Version - HV000001: Hibernate Validator 6.2.3.Final
2022-06-17 08:42:22 [main] INFO  c.e.m.config.server.ConfigServer - Starting ConfigServer using Java 18.0.1.1 on AMasterPiece with PID 6304 (D:\spring\Projects\Event-Driven-Microservices\event-driven-microservices\config-server\target\classes started by bless in D:\spring\Projects\Event-Driven-Microservices\event-driven-microservices)
2022-06-17 08:42:22 [main] INFO  c.e.m.config.server.ConfigServer - No active profile set, falling back to 1 default profile: "default"
2022-06-17 08:42:24 [main] INFO  o.s.cloud.context.scope.GenericScope - BeanFactory id=d6fa766b-4bad-3b19-9efb-bad6959c38ba
2022-06-17 08:42:24 [main] INFO  o.s.b.w.e.tomcat.TomcatWebServer - Tomcat initialized with port(s): 8888 (http)
2022-06-17 08:42:24 [main] INFO  o.a.coyote.http11.Http11NioProtocol - Initializing ProtocolHandler ["http-nio-8888"]
2022-06-17 08:42:24 [main] INFO  o.a.catalina.core.StandardService - Starting service [Tomcat]
2022-06-17 08:42:24 [main] INFO  o.a.catalina.core.StandardEngine - Starting Servlet engine: [Apache Tomcat/9.0.63]
2022-06-17 08:42:25 [main] INFO  o.a.c.c.C.[Tomcat].[localhost].[/] - Initializing Spring embedded WebApplicationContext
2022-06-17 08:42:25 [main] INFO  o.s.b.w.s.c.ServletWebServerApplicationContext - Root WebApplicationContext: initialization completed in 1952 ms
2022-06-17 08:42:25 [main] INFO  o.s.s.web.DefaultSecurityFilterChain - Will secure Ant [pattern='/decrypt/**'] with [org.springframework.security.web.session.DisableEncodeUrlFilter@39c85c1a, org.springframework.security.web.context.request.async.WebAsyncManagerIntegrationFilter@2b148329, org.springframework.security.web.context.SecurityContextPersistenceFilter@3cd26422, org.springframework.security.web.header.HeaderWriterFilter@22ad1bae, org.springframework.security.web.csrf.CsrfFilter@3596b249, org.springframework.security.web.authentication.logout.LogoutFilter@c689973, org.springframework.security.web.savedrequest.RequestCacheAwareFilter@3fa21d49, org.springframework.security.web.servletapi.SecurityContextHolderAwareRequestFilter@2ed71727, org.springframework.security.web.authentication.AnonymousAuthenticationFilter@62c72501, org.springframework.security.web.session.SessionManagementFilter@32118208, org.springframework.security.web.access.ExceptionTranslationFilter@18d003cd]
2022-06-17 08:42:26 [main] INFO  o.a.coyote.http11.Http11NioProtocol - Starting ProtocolHandler ["http-nio-8888"]
2022-06-17 08:42:26 [main] INFO  o.s.b.w.e.tomcat.TomcatWebServer - Tomcat started on port(s): 8888 (http) with context path ''
2022-06-17 08:42:26 [main] INFO  c.e.m.config.server.ConfigServer - Started ConfigServer in 4.274 seconds (JVM running for 5.115)
2022-06-17 08:42:53 [http-nio-8888-exec-2] INFO  o.a.c.c.C.[Tomcat].[localhost].[/] - Initializing Spring DispatcherServlet 'dispatcherServlet'
2022-06-17 08:42:53 [http-nio-8888-exec-2] INFO  o.s.web.servlet.DispatcherServlet - Initializing Servlet 'dispatcherServlet'
2022-06-17 08:42:53 [http-nio-8888-exec-2] INFO  o.s.web.servlet.DispatcherServlet - Completed initialization in 2 ms
2022-06-17 08:42:59 [http-nio-8888-exec-2] INFO  o.s.c.c.s.e.NativeEnvironmentRepository - Adding property source: Config resource 'file [C:\Users\bless\AppData\Local\Temp\config-repo-12781601230634945083\twitter-to-kafka-service.yml]' via location 'file:/C:/Users/bless/AppData/Local/Temp/config-repo-12781601230634945083/'
2022-06-17 08:43:48 [http-nio-8888-exec-1] INFO  o.s.c.c.s.e.NativeEnvironmentRepository - Adding property source: Config resource 'file [C:\Users\bless\AppData\Local\Temp\config-repo-12781601230634945083\kafka-to-elastic-service.yml]' via location 'file:/C:/Users/bless/AppData/Local/Temp/config-repo-12781601230634945083/'
2022-06-17 08:44:43 [Thread-3] WARN  o.s.c.c.s.e.MultipleJGitEnvironmentRepository - Failed to delete temporary directory on exit: java.nio.file.AccessDeniedException: C:\Users\bless\AppData\Local\Temp\config-repo-12781601230634945083\.git\objects\pack\pack-de9eb1a157c8ff9ca25710b1bd3f98e33d7171cf.idx
2022-06-17 08:48:55 [background-preinit] INFO  o.h.validator.internal.util.Version - HV000001: Hibernate Validator 6.2.3.Final
2022-06-17 08:48:55 [main] INFO  c.e.m.config.server.ConfigServer - Starting ConfigServer using Java 18.0.1.1 on AMasterPiece with PID 15460 (D:\spring\Projects\Event-Driven-Microservices\event-driven-microservices\config-server\target\classes started by bless in D:\spring\Projects\Event-Driven-Microservices\event-driven-microservices)
2022-06-17 08:48:55 [main] INFO  c.e.m.config.server.ConfigServer - No active profile set, falling back to 1 default profile: "default"
2022-06-17 08:48:56 [main] INFO  o.s.cloud.context.scope.GenericScope - BeanFactory id=d6fa766b-4bad-3b19-9efb-bad6959c38ba
2022-06-17 08:48:57 [main] INFO  o.s.b.w.e.tomcat.TomcatWebServer - Tomcat initialized with port(s): 8888 (http)
2022-06-17 08:48:57 [main] INFO  o.a.coyote.http11.Http11NioProtocol - Initializing ProtocolHandler ["http-nio-8888"]
2022-06-17 08:48:57 [main] INFO  o.a.catalina.core.StandardService - Starting service [Tomcat]
2022-06-17 08:48:57 [main] INFO  o.a.catalina.core.StandardEngine - Starting Servlet engine: [Apache Tomcat/9.0.63]
2022-06-17 08:48:57 [main] INFO  o.a.c.c.C.[Tomcat].[localhost].[/] - Initializing Spring embedded WebApplicationContext
2022-06-17 08:48:57 [main] INFO  o.s.b.w.s.c.ServletWebServerApplicationContext - Root WebApplicationContext: initialization completed in 2057 ms
2022-06-17 08:48:57 [main] INFO  o.s.s.web.DefaultSecurityFilterChain - Will secure Ant [pattern='/decrypt/**'] with [org.springframework.security.web.session.DisableEncodeUrlFilter@77db3d02, org.springframework.security.web.context.request.async.WebAsyncManagerIntegrationFilter@78d9f51b, org.springframework.security.web.context.SecurityContextPersistenceFilter@6e31d989, org.springframework.security.web.header.HeaderWriterFilter@f2a1813, org.springframework.security.web.csrf.CsrfFilter@642ee49c, org.springframework.security.web.authentication.logout.LogoutFilter@39c85c1a, org.springframework.security.web.savedrequest.RequestCacheAwareFilter@2ed71727, org.springframework.security.web.servletapi.SecurityContextHolderAwareRequestFilter@72a2312e, org.springframework.security.web.authentication.AnonymousAuthenticationFilter@23ed382c, org.springframework.security.web.session.SessionManagementFilter@2eda072, org.springframework.security.web.access.ExceptionTranslationFilter@59c04bee]
2022-06-17 08:48:58 [main] INFO  o.a.coyote.http11.Http11NioProtocol - Starting ProtocolHandler ["http-nio-8888"]
2022-06-17 08:48:58 [main] INFO  o.s.b.w.e.tomcat.TomcatWebServer - Tomcat started on port(s): 8888 (http) with context path ''
2022-06-17 08:48:58 [main] INFO  c.e.m.config.server.ConfigServer - Started ConfigServer in 4.686 seconds (JVM running for 5.52)
2022-06-17 08:49:24 [http-nio-8888-exec-4] INFO  o.a.c.c.C.[Tomcat].[localhost].[/] - Initializing Spring DispatcherServlet 'dispatcherServlet'
2022-06-17 08:49:24 [http-nio-8888-exec-4] INFO  o.s.web.servlet.DispatcherServlet - Initializing Servlet 'dispatcherServlet'
2022-06-17 08:49:24 [http-nio-8888-exec-4] INFO  o.s.web.servlet.DispatcherServlet - Completed initialization in 0 ms
2022-06-17 08:49:34 [http-nio-8888-exec-4] INFO  o.s.c.c.s.e.NativeEnvironmentRepository - Adding property source: Config resource 'file [C:\Users\bless\AppData\Local\Temp\config-repo-4058135026992253531\twitter-to-kafka-service.yml]' via location 'file:/C:/Users/bless/AppData/Local/Temp/config-repo-4058135026992253531/'
2022-06-17 08:50:25 [http-nio-8888-exec-1] WARN  o.s.c.c.s.e.MultipleJGitEnvironmentRepository - Could not fetch remote for main remote: https://github.com/blessedeffulgence/spring-cloud-config-server-repository
2022-06-17 08:50:25 [http-nio-8888-exec-1] INFO  o.s.c.c.s.e.NativeEnvironmentRepository - Adding property source: Config resource 'file [C:\Users\bless\AppData\Local\Temp\config-repo-4058135026992253531\kafka-to-elastic-service.yml]' via location 'file:/C:/Users/bless/AppData/Local/Temp/config-repo-4058135026992253531/'
2022-06-17 08:51:52 [http-nio-8888-exec-3] INFO  o.s.c.c.s.e.NativeEnvironmentRepository - Adding property source: Config resource 'file [C:\Users\bless\AppData\Local\Temp\config-repo-4058135026992253531\kafka-to-elastic-service.yml]' via location 'file:/C:/Users/bless/AppData/Local/Temp/config-repo-4058135026992253531/'
2022-06-17 08:54:34 [http-nio-8888-exec-6] INFO  o.s.c.c.s.e.NativeEnvironmentRepository - Adding property source: Config resource 'file [C:\Users\bless\AppData\Local\Temp\config-repo-4058135026992253531\kafka-to-elastic-service.yml]' via location 'file:/C:/Users/bless/AppData/Local/Temp/config-repo-4058135026992253531/'
2022-06-17 09:28:35 [Thread-3] WARN  o.s.c.c.s.e.MultipleJGitEnvironmentRepository - Failed to delete temporary directory on exit: java.nio.file.AccessDeniedException: C:\Users\bless\AppData\Local\Temp\config-repo-4058135026992253531\.git\objects\pack\pack-de9eb1a157c8ff9ca25710b1bd3f98e33d7171cf.idx
